[2026-04-03T11:10:02.038+0000] {logging_mixin.py:188} INFO - Changing /opt/airflow/logs/dag_id=crypto_pipeline/run_id=scheduled__2026-04-03T11:05:00+00:00/task_id=run_bronze_to_silver permission to 509
[2026-04-03T11:10:02.038+0000] {logging_mixin.py:188} INFO - Failed to change /opt/airflow/logs/dag_id=crypto_pipeline/run_id=scheduled__2026-04-03T11:05:00+00:00/task_id=run_bronze_to_silver permission to 509: [Errno 1] Operation not permitted: '/opt/airflow/logs/dag_id=crypto_pipeline/run_id=scheduled__2026-04-03T11:05:00+00:00/task_id=run_bronze_to_silver'
[2026-04-03T11:10:02.059+0000] {logging_mixin.py:188} INFO - Changing /opt/airflow/logs/dag_id=crypto_pipeline/run_id=scheduled__2026-04-03T11:05:00+00:00/task_id=run_bronze_to_silver permission to 509
[2026-04-03T11:10:02.059+0000] {logging_mixin.py:188} INFO - Failed to change /opt/airflow/logs/dag_id=crypto_pipeline/run_id=scheduled__2026-04-03T11:05:00+00:00/task_id=run_bronze_to_silver permission to 509: [Errno 1] Operation not permitted: '/opt/airflow/logs/dag_id=crypto_pipeline/run_id=scheduled__2026-04-03T11:05:00+00:00/task_id=run_bronze_to_silver'
[2026-04-03T11:10:02.084+0000] {taskinstance.py:1956} INFO - Dependencies all met for dep_context=non-requeueable deps ti=<TaskInstance: crypto_pipeline.run_bronze_to_silver scheduled__2026-04-03T11:05:00+00:00 [queued]>
[2026-04-03T11:10:02.088+0000] {taskinstance.py:1956} INFO - Dependencies all met for dep_context=requeueable deps ti=<TaskInstance: crypto_pipeline.run_bronze_to_silver scheduled__2026-04-03T11:05:00+00:00 [queued]>
[2026-04-03T11:10:02.088+0000] {taskinstance.py:2170} INFO - Starting attempt 1 of 3
[2026-04-03T11:10:02.095+0000] {taskinstance.py:2191} INFO - Executing <Task(PythonOperator): run_bronze_to_silver> on 2026-04-03 11:05:00+00:00
[2026-04-03T11:10:02.097+0000] {standard_task_runner.py:60} INFO - Started process 259 to run task
[2026-04-03T11:10:02.099+0000] {standard_task_runner.py:87} INFO - Running: ['airflow', 'tasks', 'run', 'crypto_pipeline', 'run_bronze_to_silver', 'scheduled__2026-04-03T11:05:00+00:00', '--job-id', '23', '--raw', '--subdir', 'DAGS_FOLDER/crypto_pipeline.py', '--cfg-path', '/tmp/tmpzpondv7t']
[2026-04-03T11:10:02.100+0000] {standard_task_runner.py:88} INFO - Job 23: Subtask run_bronze_to_silver
[2026-04-03T11:10:02.129+0000] {logging_mixin.py:188} INFO - Changing /opt/airflow/logs/dag_id=crypto_pipeline/run_id=scheduled__2026-04-03T11:05:00+00:00/task_id=run_bronze_to_silver permission to 509
[2026-04-03T11:10:02.129+0000] {logging_mixin.py:188} INFO - Failed to change /opt/airflow/logs/dag_id=crypto_pipeline/run_id=scheduled__2026-04-03T11:05:00+00:00/task_id=run_bronze_to_silver permission to 509: [Errno 1] Operation not permitted: '/opt/airflow/logs/dag_id=crypto_pipeline/run_id=scheduled__2026-04-03T11:05:00+00:00/task_id=run_bronze_to_silver'
[2026-04-03T11:10:02.137+0000] {task_command.py:423} INFO - Running <TaskInstance: crypto_pipeline.run_bronze_to_silver scheduled__2026-04-03T11:05:00+00:00 [running]> on host 16ceeaefc682
[2026-04-03T11:10:02.182+0000] {taskinstance.py:2480} INFO - Exporting env vars: AIRFLOW_CTX_DAG_OWNER='crypto-pipeline' AIRFLOW_CTX_DAG_ID='crypto_pipeline' AIRFLOW_CTX_TASK_ID='run_bronze_to_silver' AIRFLOW_CTX_EXECUTION_DATE='2026-04-03T11:05:00+00:00' AIRFLOW_CTX_TRY_NUMBER='1' AIRFLOW_CTX_DAG_RUN_ID='scheduled__2026-04-03T11:05:00+00:00'
[2026-04-03T11:10:02.210+0000] {crypto_pipeline.py:153} INFO - 🥈 Silver: 3500 new rows transformed from Bronze
[2026-04-03T11:10:02.219+0000] {python.py:201} INFO - Done. Returned value was: None
[2026-04-03T11:10:02.225+0000] {taskinstance.py:1138} INFO - Marking task as SUCCESS. dag_id=crypto_pipeline, task_id=run_bronze_to_silver, execution_date=20260403T110500, start_date=20260403T111002, end_date=20260403T111002
[2026-04-03T11:10:02.236+0000] {local_task_job_runner.py:234} INFO - Task exited with return code 0
[2026-04-03T11:10:02.252+0000] {taskinstance.py:3280} INFO - 1 downstream tasks scheduled from follow-on schedule check
