[2026-04-03T11:08:50.626+0000] {logging_mixin.py:188} INFO - Changing /opt/airflow/logs/dag_id=crypto_pipeline/run_id=manual__2026-04-03T11:08:49.026404+00:00/task_id=check_kafka_health permission to 509
[2026-04-03T11:08:50.626+0000] {logging_mixin.py:188} INFO - Failed to change /opt/airflow/logs/dag_id=crypto_pipeline/run_id=manual__2026-04-03T11:08:49.026404+00:00/task_id=check_kafka_health permission to 509: [Errno 1] Operation not permitted: '/opt/airflow/logs/dag_id=crypto_pipeline/run_id=manual__2026-04-03T11:08:49.026404+00:00/task_id=check_kafka_health'
[2026-04-03T11:08:50.650+0000] {logging_mixin.py:188} INFO - Changing /opt/airflow/logs/dag_id=crypto_pipeline/run_id=manual__2026-04-03T11:08:49.026404+00:00/task_id=check_kafka_health permission to 509
[2026-04-03T11:08:50.650+0000] {logging_mixin.py:188} INFO - Failed to change /opt/airflow/logs/dag_id=crypto_pipeline/run_id=manual__2026-04-03T11:08:49.026404+00:00/task_id=check_kafka_health permission to 509: [Errno 1] Operation not permitted: '/opt/airflow/logs/dag_id=crypto_pipeline/run_id=manual__2026-04-03T11:08:49.026404+00:00/task_id=check_kafka_health'
[2026-04-03T11:08:50.677+0000] {taskinstance.py:1956} INFO - Dependencies all met for dep_context=non-requeueable deps ti=<TaskInstance: crypto_pipeline.check_kafka_health manual__2026-04-03T11:08:49.026404+00:00 [queued]>
[2026-04-03T11:08:50.682+0000] {taskinstance.py:1956} INFO - Dependencies all met for dep_context=requeueable deps ti=<TaskInstance: crypto_pipeline.check_kafka_health manual__2026-04-03T11:08:49.026404+00:00 [queued]>
[2026-04-03T11:08:50.682+0000] {taskinstance.py:2170} INFO - Starting attempt 1 of 3
[2026-04-03T11:08:50.689+0000] {taskinstance.py:2191} INFO - Executing <Task(PythonOperator): check_kafka_health> on 2026-04-03 11:08:49.026404+00:00
[2026-04-03T11:08:50.691+0000] {standard_task_runner.py:60} INFO - Started process 222 to run task
[2026-04-03T11:08:50.693+0000] {standard_task_runner.py:87} INFO - Running: ['airflow', 'tasks', 'run', 'crypto_pipeline', 'check_kafka_health', 'manual__2026-04-03T11:08:49.026404+00:00', '--job-id', '12', '--raw', '--subdir', 'DAGS_FOLDER/crypto_pipeline.py', '--cfg-path', '/tmp/tmp7pda_wds']
[2026-04-03T11:08:50.695+0000] {standard_task_runner.py:88} INFO - Job 12: Subtask check_kafka_health
[2026-04-03T11:08:50.725+0000] {logging_mixin.py:188} INFO - Changing /opt/airflow/logs/dag_id=crypto_pipeline/run_id=manual__2026-04-03T11:08:49.026404+00:00/task_id=check_kafka_health permission to 509
[2026-04-03T11:08:50.725+0000] {logging_mixin.py:188} INFO - Failed to change /opt/airflow/logs/dag_id=crypto_pipeline/run_id=manual__2026-04-03T11:08:49.026404+00:00/task_id=check_kafka_health permission to 509: [Errno 1] Operation not permitted: '/opt/airflow/logs/dag_id=crypto_pipeline/run_id=manual__2026-04-03T11:08:49.026404+00:00/task_id=check_kafka_health'
[2026-04-03T11:08:50.733+0000] {task_command.py:423} INFO - Running <TaskInstance: crypto_pipeline.check_kafka_health manual__2026-04-03T11:08:49.026404+00:00 [running]> on host 16ceeaefc682
[2026-04-03T11:08:50.781+0000] {taskinstance.py:2480} INFO - Exporting env vars: AIRFLOW_CTX_DAG_OWNER='crypto-pipeline' AIRFLOW_CTX_DAG_ID='crypto_pipeline' AIRFLOW_CTX_TASK_ID='check_kafka_health' AIRFLOW_CTX_EXECUTION_DATE='2026-04-03T11:08:49.026404+00:00' AIRFLOW_CTX_TRY_NUMBER='1' AIRFLOW_CTX_DAG_RUN_ID='manual__2026-04-03T11:08:49.026404+00:00'
[2026-04-03T11:08:50.782+0000] {crypto_pipeline.py:64} INFO - ✅ Kafka broker reachable at kafka:29092
[2026-04-03T11:08:50.782+0000] {python.py:201} INFO - Done. Returned value was: None
[2026-04-03T11:08:50.788+0000] {taskinstance.py:1138} INFO - Marking task as SUCCESS. dag_id=crypto_pipeline, task_id=check_kafka_health, execution_date=20260403T110849, start_date=20260403T110850, end_date=20260403T110850
[2026-04-03T11:08:50.830+0000] {local_task_job_runner.py:234} INFO - Task exited with return code 0
[2026-04-03T11:08:50.846+0000] {taskinstance.py:3280} INFO - 1 downstream tasks scheduled from follow-on schedule check
