[2026-04-03T22:19:31.570+0000] {logging_mixin.py:188} INFO - Changing /opt/airflow/logs/dag_id=crypto_pipeline/run_id=scheduled__2026-04-03T22:10:00+00:00/task_id=update_pipeline_health permission to 509
[2026-04-03T22:19:31.571+0000] {logging_mixin.py:188} INFO - Failed to change /opt/airflow/logs/dag_id=crypto_pipeline/run_id=scheduled__2026-04-03T22:10:00+00:00/task_id=update_pipeline_health permission to 509: [Errno 1] Operation not permitted: '/opt/airflow/logs/dag_id=crypto_pipeline/run_id=scheduled__2026-04-03T22:10:00+00:00/task_id=update_pipeline_health'
[2026-04-03T22:19:31.593+0000] {logging_mixin.py:188} INFO - Changing /opt/airflow/logs/dag_id=crypto_pipeline/run_id=scheduled__2026-04-03T22:10:00+00:00/task_id=update_pipeline_health permission to 509
[2026-04-03T22:19:31.593+0000] {logging_mixin.py:188} INFO - Failed to change /opt/airflow/logs/dag_id=crypto_pipeline/run_id=scheduled__2026-04-03T22:10:00+00:00/task_id=update_pipeline_health permission to 509: [Errno 1] Operation not permitted: '/opt/airflow/logs/dag_id=crypto_pipeline/run_id=scheduled__2026-04-03T22:10:00+00:00/task_id=update_pipeline_health'
[2026-04-03T22:19:31.622+0000] {taskinstance.py:1956} INFO - Dependencies all met for dep_context=non-requeueable deps ti=<TaskInstance: crypto_pipeline.update_pipeline_health scheduled__2026-04-03T22:10:00+00:00 [queued]>
[2026-04-03T22:19:31.627+0000] {taskinstance.py:1956} INFO - Dependencies all met for dep_context=requeueable deps ti=<TaskInstance: crypto_pipeline.update_pipeline_health scheduled__2026-04-03T22:10:00+00:00 [queued]>
[2026-04-03T22:19:31.628+0000] {taskinstance.py:2170} INFO - Starting attempt 1 of 3
[2026-04-03T22:19:31.635+0000] {taskinstance.py:2191} INFO - Executing <Task(PythonOperator): update_pipeline_health> on 2026-04-03 22:10:00+00:00
[2026-04-03T22:19:31.638+0000] {standard_task_runner.py:60} INFO - Started process 220 to run task
[2026-04-03T22:19:31.640+0000] {standard_task_runner.py:87} INFO - Running: ['airflow', 'tasks', 'run', 'crypto_pipeline', 'update_pipeline_health', 'scheduled__2026-04-03T22:10:00+00:00', '--job-id', '10', '--raw', '--subdir', 'DAGS_FOLDER/crypto_pipeline.py', '--cfg-path', '/tmp/tmpv9f2jinw']
[2026-04-03T22:19:31.641+0000] {standard_task_runner.py:88} INFO - Job 10: Subtask update_pipeline_health
[2026-04-03T22:19:31.673+0000] {logging_mixin.py:188} INFO - Changing /opt/airflow/logs/dag_id=crypto_pipeline/run_id=scheduled__2026-04-03T22:10:00+00:00/task_id=update_pipeline_health permission to 509
[2026-04-03T22:19:31.673+0000] {logging_mixin.py:188} INFO - Failed to change /opt/airflow/logs/dag_id=crypto_pipeline/run_id=scheduled__2026-04-03T22:10:00+00:00/task_id=update_pipeline_health permission to 509: [Errno 1] Operation not permitted: '/opt/airflow/logs/dag_id=crypto_pipeline/run_id=scheduled__2026-04-03T22:10:00+00:00/task_id=update_pipeline_health'
[2026-04-03T22:19:31.684+0000] {task_command.py:423} INFO - Running <TaskInstance: crypto_pipeline.update_pipeline_health scheduled__2026-04-03T22:10:00+00:00 [running]> on host 2fe6c9a0f22c
[2026-04-03T22:19:31.728+0000] {taskinstance.py:2480} INFO - Exporting env vars: AIRFLOW_CTX_DAG_OWNER='crypto-pipeline' AIRFLOW_CTX_DAG_ID='crypto_pipeline' AIRFLOW_CTX_TASK_ID='update_pipeline_health' AIRFLOW_CTX_EXECUTION_DATE='2026-04-03T22:10:00+00:00' AIRFLOW_CTX_TRY_NUMBER='1' AIRFLOW_CTX_DAG_RUN_ID='scheduled__2026-04-03T22:10:00+00:00'
[2026-04-03T22:19:31.734+0000] {crypto_pipeline.py:315} INFO - 📊 Pipeline health snapshot written to gold.pipeline_health
[2026-04-03T22:19:31.734+0000] {python.py:201} INFO - Done. Returned value was: None
[2026-04-03T22:19:31.740+0000] {taskinstance.py:1138} INFO - Marking task as SUCCESS. dag_id=crypto_pipeline, task_id=update_pipeline_health, execution_date=20260403T221000, start_date=20260403T221931, end_date=20260403T221931
[2026-04-03T22:19:31.780+0000] {local_task_job_runner.py:234} INFO - Task exited with return code 0
[2026-04-03T22:19:31.791+0000] {taskinstance.py:3280} INFO - 0 downstream tasks scheduled from follow-on schedule check
