[2026-04-03T11:05:01.383+0000] {logging_mixin.py:188} INFO - Changing /opt/airflow/logs/dag_id=crypto_pipeline/run_id=scheduled__2026-04-03T11:00:00+00:00/task_id=check_postgres_health permission to 509
[2026-04-03T11:05:01.384+0000] {logging_mixin.py:188} INFO - Failed to change /opt/airflow/logs/dag_id=crypto_pipeline/run_id=scheduled__2026-04-03T11:00:00+00:00/task_id=check_postgres_health permission to 509: [Errno 1] Operation not permitted: '/opt/airflow/logs/dag_id=crypto_pipeline/run_id=scheduled__2026-04-03T11:00:00+00:00/task_id=check_postgres_health'
[2026-04-03T11:05:01.411+0000] {logging_mixin.py:188} INFO - Changing /opt/airflow/logs/dag_id=crypto_pipeline/run_id=scheduled__2026-04-03T11:00:00+00:00/task_id=check_postgres_health permission to 509
[2026-04-03T11:05:01.411+0000] {logging_mixin.py:188} INFO - Failed to change /opt/airflow/logs/dag_id=crypto_pipeline/run_id=scheduled__2026-04-03T11:00:00+00:00/task_id=check_postgres_health permission to 509: [Errno 1] Operation not permitted: '/opt/airflow/logs/dag_id=crypto_pipeline/run_id=scheduled__2026-04-03T11:00:00+00:00/task_id=check_postgres_health'
[2026-04-03T11:05:01.442+0000] {taskinstance.py:1956} INFO - Dependencies all met for dep_context=non-requeueable deps ti=<TaskInstance: crypto_pipeline.check_postgres_health scheduled__2026-04-03T11:00:00+00:00 [queued]>
[2026-04-03T11:05:01.447+0000] {taskinstance.py:1956} INFO - Dependencies all met for dep_context=requeueable deps ti=<TaskInstance: crypto_pipeline.check_postgres_health scheduled__2026-04-03T11:00:00+00:00 [queued]>
[2026-04-03T11:05:01.447+0000] {taskinstance.py:2170} INFO - Starting attempt 1 of 3
[2026-04-03T11:05:01.455+0000] {taskinstance.py:2191} INFO - Executing <Task(PythonOperator): check_postgres_health> on 2026-04-03 11:00:00+00:00
[2026-04-03T11:05:01.457+0000] {standard_task_runner.py:60} INFO - Started process 219 to run task
[2026-04-03T11:05:01.460+0000] {standard_task_runner.py:87} INFO - Running: ['airflow', 'tasks', 'run', 'crypto_pipeline', 'check_postgres_health', 'scheduled__2026-04-03T11:00:00+00:00', '--job-id', '7', '--raw', '--subdir', 'DAGS_FOLDER/crypto_pipeline.py', '--cfg-path', '/tmp/tmpkowzhgjk']
[2026-04-03T11:05:01.461+0000] {standard_task_runner.py:88} INFO - Job 7: Subtask check_postgres_health
[2026-04-03T11:05:01.496+0000] {logging_mixin.py:188} INFO - Changing /opt/airflow/logs/dag_id=crypto_pipeline/run_id=scheduled__2026-04-03T11:00:00+00:00/task_id=check_postgres_health permission to 509
[2026-04-03T11:05:01.496+0000] {logging_mixin.py:188} INFO - Failed to change /opt/airflow/logs/dag_id=crypto_pipeline/run_id=scheduled__2026-04-03T11:00:00+00:00/task_id=check_postgres_health permission to 509: [Errno 1] Operation not permitted: '/opt/airflow/logs/dag_id=crypto_pipeline/run_id=scheduled__2026-04-03T11:00:00+00:00/task_id=check_postgres_health'
[2026-04-03T11:05:01.501+0000] {task_command.py:423} INFO - Running <TaskInstance: crypto_pipeline.check_postgres_health scheduled__2026-04-03T11:00:00+00:00 [running]> on host a93598f2ca93
[2026-04-03T11:05:01.557+0000] {taskinstance.py:2480} INFO - Exporting env vars: AIRFLOW_CTX_DAG_OWNER='crypto-pipeline' AIRFLOW_CTX_DAG_ID='crypto_pipeline' AIRFLOW_CTX_TASK_ID='check_postgres_health' AIRFLOW_CTX_EXECUTION_DATE='2026-04-03T11:00:00+00:00' AIRFLOW_CTX_TRY_NUMBER='1' AIRFLOW_CTX_DAG_RUN_ID='scheduled__2026-04-03T11:00:00+00:00'
[2026-04-03T11:05:01.565+0000] {crypto_pipeline.py:82} INFO - ✅ Postgres healthy — schemas found: ['bronze', 'gold', 'silver']
[2026-04-03T11:05:01.566+0000] {python.py:201} INFO - Done. Returned value was: None
[2026-04-03T11:05:01.572+0000] {taskinstance.py:1138} INFO - Marking task as SUCCESS. dag_id=crypto_pipeline, task_id=check_postgres_health, execution_date=20260403T110000, start_date=20260403T110501, end_date=20260403T110501
[2026-04-03T11:05:01.596+0000] {local_task_job_runner.py:234} INFO - Task exited with return code 0
[2026-04-03T11:05:01.611+0000] {taskinstance.py:3280} INFO - 0 downstream tasks scheduled from follow-on schedule check
[2026-04-03T11:07:59.369+0000] {logging_mixin.py:188} INFO - Changing /opt/airflow/logs/dag_id=crypto_pipeline/run_id=scheduled__2026-04-03T11:00:00+00:00/task_id=check_postgres_health permission to 509
[2026-04-03T11:07:59.369+0000] {logging_mixin.py:188} INFO - Failed to change /opt/airflow/logs/dag_id=crypto_pipeline/run_id=scheduled__2026-04-03T11:00:00+00:00/task_id=check_postgres_health permission to 509: [Errno 1] Operation not permitted: '/opt/airflow/logs/dag_id=crypto_pipeline/run_id=scheduled__2026-04-03T11:00:00+00:00/task_id=check_postgres_health'
[2026-04-03T11:07:59.399+0000] {logging_mixin.py:188} INFO - Changing /opt/airflow/logs/dag_id=crypto_pipeline/run_id=scheduled__2026-04-03T11:00:00+00:00/task_id=check_postgres_health permission to 509
[2026-04-03T11:07:59.399+0000] {logging_mixin.py:188} INFO - Failed to change /opt/airflow/logs/dag_id=crypto_pipeline/run_id=scheduled__2026-04-03T11:00:00+00:00/task_id=check_postgres_health permission to 509: [Errno 1] Operation not permitted: '/opt/airflow/logs/dag_id=crypto_pipeline/run_id=scheduled__2026-04-03T11:00:00+00:00/task_id=check_postgres_health'
[2026-04-03T11:07:59.425+0000] {taskinstance.py:1956} INFO - Dependencies all met for dep_context=non-requeueable deps ti=<TaskInstance: crypto_pipeline.check_postgres_health scheduled__2026-04-03T11:00:00+00:00 [queued]>
[2026-04-03T11:07:59.430+0000] {taskinstance.py:1956} INFO - Dependencies all met for dep_context=requeueable deps ti=<TaskInstance: crypto_pipeline.check_postgres_health scheduled__2026-04-03T11:00:00+00:00 [queued]>
[2026-04-03T11:07:59.431+0000] {taskinstance.py:2170} INFO - Starting attempt 1 of 3
[2026-04-03T11:07:59.438+0000] {taskinstance.py:2191} INFO - Executing <Task(PythonOperator): check_postgres_health> on 2026-04-03 11:00:00+00:00
[2026-04-03T11:07:59.441+0000] {standard_task_runner.py:60} INFO - Started process 199 to run task
[2026-04-03T11:07:59.443+0000] {standard_task_runner.py:87} INFO - Running: ['airflow', 'tasks', 'run', 'crypto_pipeline', 'check_postgres_health', 'scheduled__2026-04-03T11:00:00+00:00', '--job-id', '2', '--raw', '--subdir', 'DAGS_FOLDER/crypto_pipeline.py', '--cfg-path', '/tmp/tmp6_623uad']
[2026-04-03T11:07:59.444+0000] {standard_task_runner.py:88} INFO - Job 2: Subtask check_postgres_health
[2026-04-03T11:07:59.477+0000] {logging_mixin.py:188} INFO - Changing /opt/airflow/logs/dag_id=crypto_pipeline/run_id=scheduled__2026-04-03T11:00:00+00:00/task_id=check_postgres_health permission to 509
[2026-04-03T11:07:59.477+0000] {logging_mixin.py:188} INFO - Failed to change /opt/airflow/logs/dag_id=crypto_pipeline/run_id=scheduled__2026-04-03T11:00:00+00:00/task_id=check_postgres_health permission to 509: [Errno 1] Operation not permitted: '/opt/airflow/logs/dag_id=crypto_pipeline/run_id=scheduled__2026-04-03T11:00:00+00:00/task_id=check_postgres_health'
[2026-04-03T11:07:59.485+0000] {task_command.py:423} INFO - Running <TaskInstance: crypto_pipeline.check_postgres_health scheduled__2026-04-03T11:00:00+00:00 [running]> on host 16ceeaefc682
[2026-04-03T11:07:59.532+0000] {taskinstance.py:2480} INFO - Exporting env vars: AIRFLOW_CTX_DAG_OWNER='crypto-pipeline' AIRFLOW_CTX_DAG_ID='crypto_pipeline' AIRFLOW_CTX_TASK_ID='check_postgres_health' AIRFLOW_CTX_EXECUTION_DATE='2026-04-03T11:00:00+00:00' AIRFLOW_CTX_TRY_NUMBER='1' AIRFLOW_CTX_DAG_RUN_ID='scheduled__2026-04-03T11:00:00+00:00'
[2026-04-03T11:07:59.537+0000] {crypto_pipeline.py:82} INFO - ✅ Postgres healthy — schemas found: ['bronze', 'gold', 'silver']
[2026-04-03T11:07:59.537+0000] {python.py:201} INFO - Done. Returned value was: None
[2026-04-03T11:07:59.543+0000] {taskinstance.py:1138} INFO - Marking task as SUCCESS. dag_id=crypto_pipeline, task_id=check_postgres_health, execution_date=20260403T110000, start_date=20260403T110759, end_date=20260403T110759
[2026-04-03T11:07:59.575+0000] {local_task_job_runner.py:234} INFO - Task exited with return code 0
[2026-04-03T11:07:59.590+0000] {taskinstance.py:3280} INFO - 1 downstream tasks scheduled from follow-on schedule check
