[2026-04-03T10:56:20.359+0000] {logging_mixin.py:188} INFO - Changing /opt/airflow/logs/dag_id=crypto_pipeline/run_id=scheduled__2026-04-03T10:50:00+00:00/task_id=check_postgres_health permission to 509
[2026-04-03T10:56:20.359+0000] {logging_mixin.py:188} INFO - Failed to change /opt/airflow/logs/dag_id=crypto_pipeline/run_id=scheduled__2026-04-03T10:50:00+00:00/task_id=check_postgres_health permission to 509: [Errno 1] Operation not permitted: '/opt/airflow/logs/dag_id=crypto_pipeline/run_id=scheduled__2026-04-03T10:50:00+00:00/task_id=check_postgres_health'
[2026-04-03T10:56:20.380+0000] {logging_mixin.py:188} INFO - Changing /opt/airflow/logs/dag_id=crypto_pipeline/run_id=scheduled__2026-04-03T10:50:00+00:00/task_id=check_postgres_health permission to 509
[2026-04-03T10:56:20.380+0000] {logging_mixin.py:188} INFO - Failed to change /opt/airflow/logs/dag_id=crypto_pipeline/run_id=scheduled__2026-04-03T10:50:00+00:00/task_id=check_postgres_health permission to 509: [Errno 1] Operation not permitted: '/opt/airflow/logs/dag_id=crypto_pipeline/run_id=scheduled__2026-04-03T10:50:00+00:00/task_id=check_postgres_health'
[2026-04-03T10:56:20.406+0000] {taskinstance.py:1956} INFO - Dependencies all met for dep_context=non-requeueable deps ti=<TaskInstance: crypto_pipeline.check_postgres_health scheduled__2026-04-03T10:50:00+00:00 [queued]>
[2026-04-03T10:56:20.410+0000] {taskinstance.py:1956} INFO - Dependencies all met for dep_context=requeueable deps ti=<TaskInstance: crypto_pipeline.check_postgres_health scheduled__2026-04-03T10:50:00+00:00 [queued]>
[2026-04-03T10:56:20.411+0000] {taskinstance.py:2170} INFO - Starting attempt 1 of 3
[2026-04-03T10:56:20.418+0000] {taskinstance.py:2191} INFO - Executing <Task(PythonOperator): check_postgres_health> on 2026-04-03 10:50:00+00:00
[2026-04-03T10:56:20.420+0000] {standard_task_runner.py:60} INFO - Started process 217 to run task
[2026-04-03T10:56:20.423+0000] {standard_task_runner.py:87} INFO - Running: ['airflow', 'tasks', 'run', 'crypto_pipeline', 'check_postgres_health', 'scheduled__2026-04-03T10:50:00+00:00', '--job-id', '6', '--raw', '--subdir', 'DAGS_FOLDER/crypto_pipeline.py', '--cfg-path', '/tmp/tmp9no61clo']
[2026-04-03T10:56:20.424+0000] {standard_task_runner.py:88} INFO - Job 6: Subtask check_postgres_health
[2026-04-03T10:56:20.456+0000] {logging_mixin.py:188} INFO - Changing /opt/airflow/logs/dag_id=crypto_pipeline/run_id=scheduled__2026-04-03T10:50:00+00:00/task_id=check_postgres_health permission to 509
[2026-04-03T10:56:20.457+0000] {logging_mixin.py:188} INFO - Failed to change /opt/airflow/logs/dag_id=crypto_pipeline/run_id=scheduled__2026-04-03T10:50:00+00:00/task_id=check_postgres_health permission to 509: [Errno 1] Operation not permitted: '/opt/airflow/logs/dag_id=crypto_pipeline/run_id=scheduled__2026-04-03T10:50:00+00:00/task_id=check_postgres_health'
[2026-04-03T10:56:20.462+0000] {task_command.py:423} INFO - Running <TaskInstance: crypto_pipeline.check_postgres_health scheduled__2026-04-03T10:50:00+00:00 [running]> on host 8908e9a79983
[2026-04-03T10:56:20.507+0000] {taskinstance.py:2480} INFO - Exporting env vars: AIRFLOW_CTX_DAG_OWNER='crypto-pipeline' AIRFLOW_CTX_DAG_ID='crypto_pipeline' AIRFLOW_CTX_TASK_ID='check_postgres_health' AIRFLOW_CTX_EXECUTION_DATE='2026-04-03T10:50:00+00:00' AIRFLOW_CTX_TRY_NUMBER='1' AIRFLOW_CTX_DAG_RUN_ID='scheduled__2026-04-03T10:50:00+00:00'
[2026-04-03T10:56:20.511+0000] {crypto_pipeline.py:82} INFO - ✅ Postgres healthy — schemas found: ['bronze', 'gold', 'silver']
[2026-04-03T10:56:20.511+0000] {python.py:201} INFO - Done. Returned value was: None
[2026-04-03T10:56:20.517+0000] {taskinstance.py:1138} INFO - Marking task as SUCCESS. dag_id=crypto_pipeline, task_id=check_postgres_health, execution_date=20260403T105000, start_date=20260403T105620, end_date=20260403T105620
[2026-04-03T10:56:20.557+0000] {local_task_job_runner.py:234} INFO - Task exited with return code 0
[2026-04-03T10:56:20.570+0000] {taskinstance.py:3280} INFO - 0 downstream tasks scheduled from follow-on schedule check
