[2026-04-03T11:15:07.333+0000] {logging_mixin.py:188} INFO - Changing /opt/airflow/logs/dag_id=crypto_pipeline/run_id=scheduled__2026-04-03T11:10:00+00:00/task_id=alert_on_errors permission to 509
[2026-04-03T11:15:07.334+0000] {logging_mixin.py:188} INFO - Failed to change /opt/airflow/logs/dag_id=crypto_pipeline/run_id=scheduled__2026-04-03T11:10:00+00:00/task_id=alert_on_errors permission to 509: [Errno 1] Operation not permitted: '/opt/airflow/logs/dag_id=crypto_pipeline/run_id=scheduled__2026-04-03T11:10:00+00:00/task_id=alert_on_errors'
[2026-04-03T11:15:07.356+0000] {logging_mixin.py:188} INFO - Changing /opt/airflow/logs/dag_id=crypto_pipeline/run_id=scheduled__2026-04-03T11:10:00+00:00/task_id=alert_on_errors permission to 509
[2026-04-03T11:15:07.356+0000] {logging_mixin.py:188} INFO - Failed to change /opt/airflow/logs/dag_id=crypto_pipeline/run_id=scheduled__2026-04-03T11:10:00+00:00/task_id=alert_on_errors permission to 509: [Errno 1] Operation not permitted: '/opt/airflow/logs/dag_id=crypto_pipeline/run_id=scheduled__2026-04-03T11:10:00+00:00/task_id=alert_on_errors'
[2026-04-03T11:15:07.383+0000] {taskinstance.py:1956} INFO - Dependencies all met for dep_context=non-requeueable deps ti=<TaskInstance: crypto_pipeline.alert_on_errors scheduled__2026-04-03T11:10:00+00:00 [queued]>
[2026-04-03T11:15:07.387+0000] {taskinstance.py:1956} INFO - Dependencies all met for dep_context=requeueable deps ti=<TaskInstance: crypto_pipeline.alert_on_errors scheduled__2026-04-03T11:10:00+00:00 [queued]>
[2026-04-03T11:15:07.388+0000] {taskinstance.py:2170} INFO - Starting attempt 1 of 3
[2026-04-03T11:15:07.395+0000] {taskinstance.py:2191} INFO - Executing <Task(PythonOperator): alert_on_errors> on 2026-04-03 11:10:00+00:00
[2026-04-03T11:15:07.397+0000] {standard_task_runner.py:60} INFO - Started process 331 to run task
[2026-04-03T11:15:07.400+0000] {standard_task_runner.py:87} INFO - Running: ['airflow', 'tasks', 'run', 'crypto_pipeline', 'alert_on_errors', 'scheduled__2026-04-03T11:10:00+00:00', '--job-id', '36', '--raw', '--subdir', 'DAGS_FOLDER/crypto_pipeline.py', '--cfg-path', '/tmp/tmpaszczukc']
[2026-04-03T11:15:07.401+0000] {standard_task_runner.py:88} INFO - Job 36: Subtask alert_on_errors
[2026-04-03T11:15:07.432+0000] {logging_mixin.py:188} INFO - Changing /opt/airflow/logs/dag_id=crypto_pipeline/run_id=scheduled__2026-04-03T11:10:00+00:00/task_id=alert_on_errors permission to 509
[2026-04-03T11:15:07.433+0000] {logging_mixin.py:188} INFO - Failed to change /opt/airflow/logs/dag_id=crypto_pipeline/run_id=scheduled__2026-04-03T11:10:00+00:00/task_id=alert_on_errors permission to 509: [Errno 1] Operation not permitted: '/opt/airflow/logs/dag_id=crypto_pipeline/run_id=scheduled__2026-04-03T11:10:00+00:00/task_id=alert_on_errors'
[2026-04-03T11:15:07.439+0000] {task_command.py:423} INFO - Running <TaskInstance: crypto_pipeline.alert_on_errors scheduled__2026-04-03T11:10:00+00:00 [running]> on host 16ceeaefc682
[2026-04-03T11:15:07.488+0000] {taskinstance.py:2480} INFO - Exporting env vars: AIRFLOW_CTX_DAG_OWNER='crypto-pipeline' AIRFLOW_CTX_DAG_ID='crypto_pipeline' AIRFLOW_CTX_TASK_ID='alert_on_errors' AIRFLOW_CTX_EXECUTION_DATE='2026-04-03T11:10:00+00:00' AIRFLOW_CTX_TRY_NUMBER='1' AIRFLOW_CTX_DAG_RUN_ID='scheduled__2026-04-03T11:10:00+00:00'
[2026-04-03T11:15:07.492+0000] {crypto_pipeline.py:339} INFO - ✅ No errors in the last 10 minutes
[2026-04-03T11:15:07.492+0000] {python.py:201} INFO - Done. Returned value was: None
[2026-04-03T11:15:07.497+0000] {taskinstance.py:1138} INFO - Marking task as SUCCESS. dag_id=crypto_pipeline, task_id=alert_on_errors, execution_date=20260403T111000, start_date=20260403T111507, end_date=20260403T111507
[2026-04-03T11:15:07.537+0000] {local_task_job_runner.py:234} INFO - Task exited with return code 0
[2026-04-03T11:15:07.547+0000] {taskinstance.py:3280} INFO - 0 downstream tasks scheduled from follow-on schedule check
