[2026-04-03T11:05:01.383+0000] {logging_mixin.py:188} INFO - Changing /opt/airflow/logs/dag_id=crypto_pipeline/run_id=scheduled__2026-04-03T11:00:00+00:00/task_id=check_kafka_health permission to 509
[2026-04-03T11:05:01.384+0000] {logging_mixin.py:188} INFO - Failed to change /opt/airflow/logs/dag_id=crypto_pipeline/run_id=scheduled__2026-04-03T11:00:00+00:00/task_id=check_kafka_health permission to 509: [Errno 1] Operation not permitted: '/opt/airflow/logs/dag_id=crypto_pipeline/run_id=scheduled__2026-04-03T11:00:00+00:00/task_id=check_kafka_health'
[2026-04-03T11:05:01.411+0000] {logging_mixin.py:188} INFO - Changing /opt/airflow/logs/dag_id=crypto_pipeline/run_id=scheduled__2026-04-03T11:00:00+00:00/task_id=check_kafka_health permission to 509
[2026-04-03T11:05:01.411+0000] {logging_mixin.py:188} INFO - Failed to change /opt/airflow/logs/dag_id=crypto_pipeline/run_id=scheduled__2026-04-03T11:00:00+00:00/task_id=check_kafka_health permission to 509: [Errno 1] Operation not permitted: '/opt/airflow/logs/dag_id=crypto_pipeline/run_id=scheduled__2026-04-03T11:00:00+00:00/task_id=check_kafka_health'
[2026-04-03T11:05:01.442+0000] {taskinstance.py:1956} INFO - Dependencies all met for dep_context=non-requeueable deps ti=<TaskInstance: crypto_pipeline.check_kafka_health scheduled__2026-04-03T11:00:00+00:00 [queued]>
[2026-04-03T11:05:01.447+0000] {taskinstance.py:1956} INFO - Dependencies all met for dep_context=requeueable deps ti=<TaskInstance: crypto_pipeline.check_kafka_health scheduled__2026-04-03T11:00:00+00:00 [queued]>
[2026-04-03T11:05:01.447+0000] {taskinstance.py:2170} INFO - Starting attempt 1 of 3
[2026-04-03T11:05:01.454+0000] {taskinstance.py:2191} INFO - Executing <Task(PythonOperator): check_kafka_health> on 2026-04-03 11:00:00+00:00
[2026-04-03T11:05:01.457+0000] {standard_task_runner.py:60} INFO - Started process 218 to run task
[2026-04-03T11:05:01.459+0000] {standard_task_runner.py:87} INFO - Running: ['airflow', 'tasks', 'run', 'crypto_pipeline', 'check_kafka_health', 'scheduled__2026-04-03T11:00:00+00:00', '--job-id', '8', '--raw', '--subdir', 'DAGS_FOLDER/crypto_pipeline.py', '--cfg-path', '/tmp/tmp9qrlqzfc']
[2026-04-03T11:05:01.461+0000] {standard_task_runner.py:88} INFO - Job 8: Subtask check_kafka_health
[2026-04-03T11:05:01.495+0000] {logging_mixin.py:188} INFO - Changing /opt/airflow/logs/dag_id=crypto_pipeline/run_id=scheduled__2026-04-03T11:00:00+00:00/task_id=check_kafka_health permission to 509
[2026-04-03T11:05:01.495+0000] {logging_mixin.py:188} INFO - Failed to change /opt/airflow/logs/dag_id=crypto_pipeline/run_id=scheduled__2026-04-03T11:00:00+00:00/task_id=check_kafka_health permission to 509: [Errno 1] Operation not permitted: '/opt/airflow/logs/dag_id=crypto_pipeline/run_id=scheduled__2026-04-03T11:00:00+00:00/task_id=check_kafka_health'
[2026-04-03T11:05:01.502+0000] {task_command.py:423} INFO - Running <TaskInstance: crypto_pipeline.check_kafka_health scheduled__2026-04-03T11:00:00+00:00 [running]> on host a93598f2ca93
[2026-04-03T11:05:01.557+0000] {taskinstance.py:2480} INFO - Exporting env vars: AIRFLOW_CTX_DAG_OWNER='crypto-pipeline' AIRFLOW_CTX_DAG_ID='crypto_pipeline' AIRFLOW_CTX_TASK_ID='check_kafka_health' AIRFLOW_CTX_EXECUTION_DATE='2026-04-03T11:00:00+00:00' AIRFLOW_CTX_TRY_NUMBER='1' AIRFLOW_CTX_DAG_RUN_ID='scheduled__2026-04-03T11:00:00+00:00'
[2026-04-03T11:05:09.574+0000] {taskinstance.py:2698} ERROR - Task failed with exception
Traceback (most recent call last):
  File "/opt/airflow/dags/crypto_pipeline.py", line 62, in check_kafka_health
    sock = socket.create_connection(("kafka", 29092), timeout=5)
  File "/usr/local/lib/python3.8/socket.py", line 787, in create_connection
    for res in getaddrinfo(host, port, 0, SOCK_STREAM):
  File "/usr/local/lib/python3.8/socket.py", line 918, in getaddrinfo
    for res in _socket.getaddrinfo(host, port, family, type, proto, flags):
socket.gaierror: [Errno -3] Temporary failure in name resolution

During handling of the above exception, another exception occurred:

Traceback (most recent call last):
  File "/home/airflow/.local/lib/python3.8/site-packages/airflow/models/taskinstance.py", line 433, in _execute_task
    result = execute_callable(context=context, **execute_callable_kwargs)
  File "/home/airflow/.local/lib/python3.8/site-packages/airflow/operators/python.py", line 199, in execute
    return_value = self.execute_callable()
  File "/home/airflow/.local/lib/python3.8/site-packages/airflow/operators/python.py", line 216, in execute_callable
    return self.python_callable(*self.op_args, **self.op_kwargs)
  File "/opt/airflow/dags/crypto_pipeline.py", line 66, in check_kafka_health
    raise RuntimeError(f"Kafka health check failed: {e}")
RuntimeError: Kafka health check failed: [Errno -3] Temporary failure in name resolution
[2026-04-03T11:05:09.582+0000] {taskinstance.py:1138} INFO - Marking task as UP_FOR_RETRY. dag_id=crypto_pipeline, task_id=check_kafka_health, execution_date=20260403T110000, start_date=20260403T110501, end_date=20260403T110509
[2026-04-03T11:05:09.591+0000] {standard_task_runner.py:107} ERROR - Failed to execute job 8 for task check_kafka_health (Kafka health check failed: [Errno -3] Temporary failure in name resolution; 218)
[2026-04-03T11:05:09.615+0000] {local_task_job_runner.py:234} INFO - Task exited with return code 1
[2026-04-03T11:05:09.628+0000] {taskinstance.py:3280} INFO - 0 downstream tasks scheduled from follow-on schedule check
[2026-04-03T11:07:59.369+0000] {logging_mixin.py:188} INFO - Changing /opt/airflow/logs/dag_id=crypto_pipeline/run_id=scheduled__2026-04-03T11:00:00+00:00/task_id=check_kafka_health permission to 509
[2026-04-03T11:07:59.369+0000] {logging_mixin.py:188} INFO - Failed to change /opt/airflow/logs/dag_id=crypto_pipeline/run_id=scheduled__2026-04-03T11:00:00+00:00/task_id=check_kafka_health permission to 509: [Errno 1] Operation not permitted: '/opt/airflow/logs/dag_id=crypto_pipeline/run_id=scheduled__2026-04-03T11:00:00+00:00/task_id=check_kafka_health'
[2026-04-03T11:07:59.399+0000] {logging_mixin.py:188} INFO - Changing /opt/airflow/logs/dag_id=crypto_pipeline/run_id=scheduled__2026-04-03T11:00:00+00:00/task_id=check_kafka_health permission to 509
[2026-04-03T11:07:59.399+0000] {logging_mixin.py:188} INFO - Failed to change /opt/airflow/logs/dag_id=crypto_pipeline/run_id=scheduled__2026-04-03T11:00:00+00:00/task_id=check_kafka_health permission to 509: [Errno 1] Operation not permitted: '/opt/airflow/logs/dag_id=crypto_pipeline/run_id=scheduled__2026-04-03T11:00:00+00:00/task_id=check_kafka_health'
[2026-04-03T11:07:59.425+0000] {taskinstance.py:1956} INFO - Dependencies all met for dep_context=non-requeueable deps ti=<TaskInstance: crypto_pipeline.check_kafka_health scheduled__2026-04-03T11:00:00+00:00 [queued]>
[2026-04-03T11:07:59.431+0000] {taskinstance.py:1956} INFO - Dependencies all met for dep_context=requeueable deps ti=<TaskInstance: crypto_pipeline.check_kafka_health scheduled__2026-04-03T11:00:00+00:00 [queued]>
[2026-04-03T11:07:59.431+0000] {taskinstance.py:2170} INFO - Starting attempt 1 of 3
[2026-04-03T11:07:59.437+0000] {taskinstance.py:2191} INFO - Executing <Task(PythonOperator): check_kafka_health> on 2026-04-03 11:00:00+00:00
[2026-04-03T11:07:59.440+0000] {standard_task_runner.py:60} INFO - Started process 198 to run task
[2026-04-03T11:07:59.442+0000] {standard_task_runner.py:87} INFO - Running: ['airflow', 'tasks', 'run', 'crypto_pipeline', 'check_kafka_health', 'scheduled__2026-04-03T11:00:00+00:00', '--job-id', '3', '--raw', '--subdir', 'DAGS_FOLDER/crypto_pipeline.py', '--cfg-path', '/tmp/tmp8ka_wf3y']
[2026-04-03T11:07:59.444+0000] {standard_task_runner.py:88} INFO - Job 3: Subtask check_kafka_health
[2026-04-03T11:07:59.476+0000] {logging_mixin.py:188} INFO - Changing /opt/airflow/logs/dag_id=crypto_pipeline/run_id=scheduled__2026-04-03T11:00:00+00:00/task_id=check_kafka_health permission to 509
[2026-04-03T11:07:59.476+0000] {logging_mixin.py:188} INFO - Failed to change /opt/airflow/logs/dag_id=crypto_pipeline/run_id=scheduled__2026-04-03T11:00:00+00:00/task_id=check_kafka_health permission to 509: [Errno 1] Operation not permitted: '/opt/airflow/logs/dag_id=crypto_pipeline/run_id=scheduled__2026-04-03T11:00:00+00:00/task_id=check_kafka_health'
[2026-04-03T11:07:59.486+0000] {task_command.py:423} INFO - Running <TaskInstance: crypto_pipeline.check_kafka_health scheduled__2026-04-03T11:00:00+00:00 [running]> on host 16ceeaefc682
[2026-04-03T11:07:59.532+0000] {taskinstance.py:2480} INFO - Exporting env vars: AIRFLOW_CTX_DAG_OWNER='crypto-pipeline' AIRFLOW_CTX_DAG_ID='crypto_pipeline' AIRFLOW_CTX_TASK_ID='check_kafka_health' AIRFLOW_CTX_EXECUTION_DATE='2026-04-03T11:00:00+00:00' AIRFLOW_CTX_TRY_NUMBER='1' AIRFLOW_CTX_DAG_RUN_ID='scheduled__2026-04-03T11:00:00+00:00'
[2026-04-03T11:07:59.533+0000] {crypto_pipeline.py:64} INFO - ✅ Kafka broker reachable at kafka:29092
[2026-04-03T11:07:59.533+0000] {python.py:201} INFO - Done. Returned value was: None
[2026-04-03T11:07:59.540+0000] {taskinstance.py:1138} INFO - Marking task as SUCCESS. dag_id=crypto_pipeline, task_id=check_kafka_health, execution_date=20260403T110000, start_date=20260403T110759, end_date=20260403T110759
[2026-04-03T11:07:59.575+0000] {local_task_job_runner.py:234} INFO - Task exited with return code 0
[2026-04-03T11:07:59.599+0000] {taskinstance.py:3280} INFO - 0 downstream tasks scheduled from follow-on schedule check
