[2026-04-03T11:08:54.285+0000] {logging_mixin.py:188} INFO - Changing /opt/airflow/logs/dag_id=crypto_pipeline/run_id=manual__2026-04-03T11:08:49.026404+00:00/task_id=run_silver_to_gold permission to 509
[2026-04-03T11:08:54.286+0000] {logging_mixin.py:188} INFO - Failed to change /opt/airflow/logs/dag_id=crypto_pipeline/run_id=manual__2026-04-03T11:08:49.026404+00:00/task_id=run_silver_to_gold permission to 509: [Errno 1] Operation not permitted: '/opt/airflow/logs/dag_id=crypto_pipeline/run_id=manual__2026-04-03T11:08:49.026404+00:00/task_id=run_silver_to_gold'
[2026-04-03T11:08:54.305+0000] {logging_mixin.py:188} INFO - Changing /opt/airflow/logs/dag_id=crypto_pipeline/run_id=manual__2026-04-03T11:08:49.026404+00:00/task_id=run_silver_to_gold permission to 509
[2026-04-03T11:08:54.306+0000] {logging_mixin.py:188} INFO - Failed to change /opt/airflow/logs/dag_id=crypto_pipeline/run_id=manual__2026-04-03T11:08:49.026404+00:00/task_id=run_silver_to_gold permission to 509: [Errno 1] Operation not permitted: '/opt/airflow/logs/dag_id=crypto_pipeline/run_id=manual__2026-04-03T11:08:49.026404+00:00/task_id=run_silver_to_gold'
[2026-04-03T11:08:54.330+0000] {taskinstance.py:1956} INFO - Dependencies all met for dep_context=non-requeueable deps ti=<TaskInstance: crypto_pipeline.run_silver_to_gold manual__2026-04-03T11:08:49.026404+00:00 [queued]>
[2026-04-03T11:08:54.334+0000] {taskinstance.py:1956} INFO - Dependencies all met for dep_context=requeueable deps ti=<TaskInstance: crypto_pipeline.run_silver_to_gold manual__2026-04-03T11:08:49.026404+00:00 [queued]>
[2026-04-03T11:08:54.335+0000] {taskinstance.py:2170} INFO - Starting attempt 1 of 3
[2026-04-03T11:08:54.341+0000] {taskinstance.py:2191} INFO - Executing <Task(PythonOperator): run_silver_to_gold> on 2026-04-03 11:08:49.026404+00:00
[2026-04-03T11:08:54.343+0000] {standard_task_runner.py:60} INFO - Started process 230 to run task
[2026-04-03T11:08:54.345+0000] {standard_task_runner.py:87} INFO - Running: ['airflow', 'tasks', 'run', 'crypto_pipeline', 'run_silver_to_gold', 'manual__2026-04-03T11:08:49.026404+00:00', '--job-id', '16', '--raw', '--subdir', 'DAGS_FOLDER/crypto_pipeline.py', '--cfg-path', '/tmp/tmpt247wat9']
[2026-04-03T11:08:54.346+0000] {standard_task_runner.py:88} INFO - Job 16: Subtask run_silver_to_gold
[2026-04-03T11:08:54.373+0000] {logging_mixin.py:188} INFO - Changing /opt/airflow/logs/dag_id=crypto_pipeline/run_id=manual__2026-04-03T11:08:49.026404+00:00/task_id=run_silver_to_gold permission to 509
[2026-04-03T11:08:54.374+0000] {logging_mixin.py:188} INFO - Failed to change /opt/airflow/logs/dag_id=crypto_pipeline/run_id=manual__2026-04-03T11:08:49.026404+00:00/task_id=run_silver_to_gold permission to 509: [Errno 1] Operation not permitted: '/opt/airflow/logs/dag_id=crypto_pipeline/run_id=manual__2026-04-03T11:08:49.026404+00:00/task_id=run_silver_to_gold'
[2026-04-03T11:08:54.382+0000] {task_command.py:423} INFO - Running <TaskInstance: crypto_pipeline.run_silver_to_gold manual__2026-04-03T11:08:49.026404+00:00 [running]> on host 16ceeaefc682
[2026-04-03T11:08:54.426+0000] {taskinstance.py:2480} INFO - Exporting env vars: AIRFLOW_CTX_DAG_OWNER='crypto-pipeline' AIRFLOW_CTX_DAG_ID='crypto_pipeline' AIRFLOW_CTX_TASK_ID='run_silver_to_gold' AIRFLOW_CTX_EXECUTION_DATE='2026-04-03T11:08:49.026404+00:00' AIRFLOW_CTX_TRY_NUMBER='1' AIRFLOW_CTX_DAG_RUN_ID='manual__2026-04-03T11:08:49.026404+00:00'
[2026-04-03T11:08:54.458+0000] {crypto_pipeline.py:275} INFO - 🥇 Gold: all tables refreshed successfully
[2026-04-03T11:08:54.458+0000] {python.py:201} INFO - Done. Returned value was: None
[2026-04-03T11:08:54.464+0000] {taskinstance.py:1138} INFO - Marking task as SUCCESS. dag_id=crypto_pipeline, task_id=run_silver_to_gold, execution_date=20260403T110849, start_date=20260403T110854, end_date=20260403T110854
[2026-04-03T11:08:54.483+0000] {local_task_job_runner.py:234} INFO - Task exited with return code 0
[2026-04-03T11:08:54.497+0000] {taskinstance.py:3280} INFO - 1 downstream tasks scheduled from follow-on schedule check
