[2026-04-03T22:18:54.750+0000] {logging_mixin.py:188} INFO - Changing /opt/airflow/logs/dag_id=crypto_pipeline/run_id=scheduled__2026-04-03T22:10:00+00:00/task_id=check_kafka_health permission to 509
[2026-04-03T22:18:54.750+0000] {logging_mixin.py:188} INFO - Failed to change /opt/airflow/logs/dag_id=crypto_pipeline/run_id=scheduled__2026-04-03T22:10:00+00:00/task_id=check_kafka_health permission to 509: [Errno 1] Operation not permitted: '/opt/airflow/logs/dag_id=crypto_pipeline/run_id=scheduled__2026-04-03T22:10:00+00:00/task_id=check_kafka_health'
[2026-04-03T22:18:54.776+0000] {logging_mixin.py:188} INFO - Changing /opt/airflow/logs/dag_id=crypto_pipeline/run_id=scheduled__2026-04-03T22:10:00+00:00/task_id=check_kafka_health permission to 509
[2026-04-03T22:18:54.776+0000] {logging_mixin.py:188} INFO - Failed to change /opt/airflow/logs/dag_id=crypto_pipeline/run_id=scheduled__2026-04-03T22:10:00+00:00/task_id=check_kafka_health permission to 509: [Errno 1] Operation not permitted: '/opt/airflow/logs/dag_id=crypto_pipeline/run_id=scheduled__2026-04-03T22:10:00+00:00/task_id=check_kafka_health'
[2026-04-03T22:18:54.804+0000] {taskinstance.py:1956} INFO - Dependencies all met for dep_context=non-requeueable deps ti=<TaskInstance: crypto_pipeline.check_kafka_health scheduled__2026-04-03T22:10:00+00:00 [queued]>
[2026-04-03T22:18:54.809+0000] {taskinstance.py:1956} INFO - Dependencies all met for dep_context=requeueable deps ti=<TaskInstance: crypto_pipeline.check_kafka_health scheduled__2026-04-03T22:10:00+00:00 [queued]>
[2026-04-03T22:18:54.809+0000] {taskinstance.py:2170} INFO - Starting attempt 1 of 3
[2026-04-03T22:18:54.816+0000] {taskinstance.py:2191} INFO - Executing <Task(PythonOperator): check_kafka_health> on 2026-04-03 22:10:00+00:00
[2026-04-03T22:18:54.819+0000] {standard_task_runner.py:60} INFO - Started process 199 to run task
[2026-04-03T22:18:54.821+0000] {standard_task_runner.py:87} INFO - Running: ['airflow', 'tasks', 'run', 'crypto_pipeline', 'check_kafka_health', 'scheduled__2026-04-03T22:10:00+00:00', '--job-id', '3', '--raw', '--subdir', 'DAGS_FOLDER/crypto_pipeline.py', '--cfg-path', '/tmp/tmp15raeyyw']
[2026-04-03T22:18:54.822+0000] {standard_task_runner.py:88} INFO - Job 3: Subtask check_kafka_health
[2026-04-03T22:18:54.856+0000] {logging_mixin.py:188} INFO - Changing /opt/airflow/logs/dag_id=crypto_pipeline/run_id=scheduled__2026-04-03T22:10:00+00:00/task_id=check_kafka_health permission to 509
[2026-04-03T22:18:54.856+0000] {logging_mixin.py:188} INFO - Failed to change /opt/airflow/logs/dag_id=crypto_pipeline/run_id=scheduled__2026-04-03T22:10:00+00:00/task_id=check_kafka_health permission to 509: [Errno 1] Operation not permitted: '/opt/airflow/logs/dag_id=crypto_pipeline/run_id=scheduled__2026-04-03T22:10:00+00:00/task_id=check_kafka_health'
[2026-04-03T22:18:54.872+0000] {task_command.py:423} INFO - Running <TaskInstance: crypto_pipeline.check_kafka_health scheduled__2026-04-03T22:10:00+00:00 [running]> on host 2fe6c9a0f22c
[2026-04-03T22:18:54.915+0000] {taskinstance.py:2480} INFO - Exporting env vars: AIRFLOW_CTX_DAG_OWNER='crypto-pipeline' AIRFLOW_CTX_DAG_ID='crypto_pipeline' AIRFLOW_CTX_TASK_ID='check_kafka_health' AIRFLOW_CTX_EXECUTION_DATE='2026-04-03T22:10:00+00:00' AIRFLOW_CTX_TRY_NUMBER='1' AIRFLOW_CTX_DAG_RUN_ID='scheduled__2026-04-03T22:10:00+00:00'
[2026-04-03T22:18:54.916+0000] {crypto_pipeline.py:64} INFO - ✅ Kafka broker reachable at kafka:29092
[2026-04-03T22:18:54.916+0000] {python.py:201} INFO - Done. Returned value was: None
[2026-04-03T22:18:54.922+0000] {taskinstance.py:1138} INFO - Marking task as SUCCESS. dag_id=crypto_pipeline, task_id=check_kafka_health, execution_date=20260403T221000, start_date=20260403T221854, end_date=20260403T221854
[2026-04-03T22:18:54.957+0000] {local_task_job_runner.py:234} INFO - Task exited with return code 0
[2026-04-03T22:18:54.972+0000] {taskinstance.py:3280} INFO - 1 downstream tasks scheduled from follow-on schedule check
