[2026-04-03T10:54:54.347+0000] {manager.py:469} INFO - Processing files using up to 2 processes at a time 
[2026-04-03T10:54:54.348+0000] {manager.py:470} INFO - Process each file at most once every 30 seconds
[2026-04-03T10:54:54.348+0000] {manager.py:471} INFO - Checking for new files in /opt/airflow/dags every 300 seconds
[2026-04-03T10:54:54.348+0000] {manager.py:738} INFO - Searching for files in /opt/airflow/dags
[2026-04-03T10:54:54.367+0000] {manager.py:741} INFO - There are 1 files in /opt/airflow/dags
[2026-04-03T10:54:54.420+0000] {manager.py:879} INFO - 
================================================================================
DAG File Processing Stats

File Path                               PID  Runtime      # DAGs    # Errors  Last Runtime    Last Run
------------------------------------  -----  ---------  --------  ----------  --------------  ----------
/opt/airflow/dags/crypto_pipeline.py    191  0.02s             0           0
================================================================================
[2026-04-03T10:55:23.360+0000] {manager.py:879} INFO - 
================================================================================
DAG File Processing Stats

File Path                             PID    Runtime      # DAGs    # Errors  Last Runtime    Last Run
------------------------------------  -----  ---------  --------  ----------  --------------  -------------------
/opt/airflow/dags/crypto_pipeline.py                           1           0  0.19s           2026-04-03T10:54:54
================================================================================
[2026-04-03T10:55:52.655+0000] {manager.py:879} INFO - 
================================================================================
DAG File Processing Stats

File Path                             PID    Runtime      # DAGs    # Errors  Last Runtime    Last Run
------------------------------------  -----  ---------  --------  ----------  --------------  -------------------
/opt/airflow/dags/crypto_pipeline.py                           1           0  0.08s           2026-04-03T10:55:25
================================================================================
[2026-04-03T10:56:21.589+0000] {manager.py:879} INFO - 
================================================================================
DAG File Processing Stats

File Path                             PID    Runtime      # DAGs    # Errors  Last Runtime    Last Run
------------------------------------  -----  ---------  --------  ----------  --------------  -------------------
/opt/airflow/dags/crypto_pipeline.py                           1           0  0.07s           2026-04-03T10:55:55
================================================================================
[2026-04-03T10:56:50.457+0000] {manager.py:879} INFO - 
================================================================================
DAG File Processing Stats

File Path                             PID    Runtime      # DAGs    # Errors  Last Runtime    Last Run
------------------------------------  -----  ---------  --------  ----------  --------------  -------------------
/opt/airflow/dags/crypto_pipeline.py                           1           0  0.07s           2026-04-03T10:56:26
================================================================================
[2026-04-03T10:57:19.635+0000] {manager.py:879} INFO - 
================================================================================
DAG File Processing Stats

File Path                             PID    Runtime      # DAGs    # Errors  Last Runtime    Last Run
------------------------------------  -----  ---------  --------  ----------  --------------  -------------------
/opt/airflow/dags/crypto_pipeline.py                           1           0  0.07s           2026-04-03T10:56:57
================================================================================
[2026-04-03T10:57:49.013+0000] {manager.py:879} INFO - 
================================================================================
DAG File Processing Stats

File Path                             PID    Runtime      # DAGs    # Errors  Last Runtime    Last Run
------------------------------------  -----  ---------  --------  ----------  --------------  -------------------
/opt/airflow/dags/crypto_pipeline.py                           1           0  0.07s           2026-04-03T10:57:27
================================================================================
[2026-04-03T10:58:17.873+0000] {manager.py:879} INFO - 
================================================================================
DAG File Processing Stats

File Path                             PID    Runtime      # DAGs    # Errors  Last Runtime    Last Run
------------------------------------  -----  ---------  --------  ----------  --------------  -------------------
/opt/airflow/dags/crypto_pipeline.py                           1           0  0.07s           2026-04-03T10:57:58
================================================================================
[2026-04-03T10:58:46.774+0000] {manager.py:879} INFO - 
================================================================================
DAG File Processing Stats

File Path                             PID    Runtime      # DAGs    # Errors  Last Runtime    Last Run
------------------------------------  -----  ---------  --------  ----------  --------------  -------------------
/opt/airflow/dags/crypto_pipeline.py                           1           0  0.09s           2026-04-03T10:58:29
================================================================================
[2026-04-03T10:59:15.881+0000] {manager.py:879} INFO - 
================================================================================
DAG File Processing Stats

File Path                             PID    Runtime      # DAGs    # Errors  Last Runtime    Last Run
------------------------------------  -----  ---------  --------  ----------  --------------  -------------------
/opt/airflow/dags/crypto_pipeline.py                           1           0  0.07s           2026-04-03T10:59:00
================================================================================
[2026-04-03T10:59:36.501+0000] {manager.py:451} INFO - Exiting gracefully upon receiving signal 15
[2026-04-03T11:00:00.702+0000] {manager.py:469} INFO - Processing files using up to 2 processes at a time 
[2026-04-03T11:00:00.702+0000] {manager.py:470} INFO - Process each file at most once every 30 seconds
[2026-04-03T11:00:00.702+0000] {manager.py:471} INFO - Checking for new files in /opt/airflow/dags every 300 seconds
[2026-04-03T11:00:00.704+0000] {manager.py:738} INFO - Searching for files in /opt/airflow/dags
[2026-04-03T11:00:00.712+0000] {manager.py:741} INFO - There are 1 files in /opt/airflow/dags
[2026-04-03T11:00:00.765+0000] {manager.py:879} INFO - 
================================================================================
DAG File Processing Stats

File Path                               PID  Runtime      # DAGs    # Errors  Last Runtime    Last Run
------------------------------------  -----  ---------  --------  ----------  --------------  ----------
/opt/airflow/dags/crypto_pipeline.py    191  0.02s             0           0
================================================================================
[2026-04-03T11:00:29.766+0000] {manager.py:879} INFO - 
================================================================================
DAG File Processing Stats

File Path                             PID    Runtime      # DAGs    # Errors  Last Runtime    Last Run
------------------------------------  -----  ---------  --------  ----------  --------------  -------------------
/opt/airflow/dags/crypto_pipeline.py                           1           0  0.19s           2026-04-03T11:00:00
================================================================================
[2026-04-03T11:00:59.094+0000] {manager.py:879} INFO - 
================================================================================
DAG File Processing Stats

File Path                             PID    Runtime      # DAGs    # Errors  Last Runtime    Last Run
------------------------------------  -----  ---------  --------  ----------  --------------  -------------------
/opt/airflow/dags/crypto_pipeline.py                           1           0  0.08s           2026-04-03T11:00:31
================================================================================
[2026-04-03T11:01:27.989+0000] {manager.py:879} INFO - 
================================================================================
DAG File Processing Stats

File Path                             PID    Runtime      # DAGs    # Errors  Last Runtime    Last Run
------------------------------------  -----  ---------  --------  ----------  --------------  -------------------
/opt/airflow/dags/crypto_pipeline.py                           1           0  0.07s           2026-04-03T11:01:02
================================================================================
[2026-04-03T11:01:56.932+0000] {manager.py:879} INFO - 
================================================================================
DAG File Processing Stats

File Path                             PID    Runtime      # DAGs    # Errors  Last Runtime    Last Run
------------------------------------  -----  ---------  --------  ----------  --------------  -------------------
/opt/airflow/dags/crypto_pipeline.py                           1           0  0.07s           2026-04-03T11:01:32
================================================================================
[2026-04-03T11:02:06.773+0000] {manager.py:451} INFO - Exiting gracefully upon receiving signal 15
[2026-04-03T11:02:28.186+0000] {manager.py:469} INFO - Processing files using up to 2 processes at a time 
[2026-04-03T11:02:28.187+0000] {manager.py:470} INFO - Process each file at most once every 30 seconds
[2026-04-03T11:02:28.187+0000] {manager.py:471} INFO - Checking for new files in /opt/airflow/dags every 300 seconds
[2026-04-03T11:02:28.187+0000] {manager.py:738} INFO - Searching for files in /opt/airflow/dags
[2026-04-03T11:02:28.195+0000] {manager.py:741} INFO - There are 1 files in /opt/airflow/dags
[2026-04-03T11:02:28.246+0000] {manager.py:879} INFO - 
================================================================================
DAG File Processing Stats

File Path                               PID  Runtime      # DAGs    # Errors  Last Runtime    Last Run
------------------------------------  -----  ---------  --------  ----------  --------------  ----------
/opt/airflow/dags/crypto_pipeline.py    191  0.02s             0           0
================================================================================
[2026-04-03T11:02:56.906+0000] {manager.py:879} INFO - 
================================================================================
DAG File Processing Stats

File Path                             PID    Runtime      # DAGs    # Errors  Last Runtime    Last Run
------------------------------------  -----  ---------  --------  ----------  --------------  -------------------
/opt/airflow/dags/crypto_pipeline.py                           1           0  0.09s           2026-04-03T11:02:28
================================================================================
[2026-04-03T11:03:25.788+0000] {manager.py:879} INFO - 
================================================================================
DAG File Processing Stats

File Path                             PID    Runtime      # DAGs    # Errors  Last Runtime    Last Run
------------------------------------  -----  ---------  --------  ----------  --------------  -------------------
/opt/airflow/dags/crypto_pipeline.py                           1           0  0.16s           2026-04-03T11:02:59
================================================================================
[2026-04-03T11:03:54.484+0000] {manager.py:879} INFO - 
================================================================================
DAG File Processing Stats

File Path                             PID    Runtime      # DAGs    # Errors  Last Runtime    Last Run
------------------------------------  -----  ---------  --------  ----------  --------------  -------------------
/opt/airflow/dags/crypto_pipeline.py                           1           0  0.07s           2026-04-03T11:03:29
================================================================================
[2026-04-03T11:04:23.387+0000] {manager.py:879} INFO - 
================================================================================
DAG File Processing Stats

File Path                             PID    Runtime      # DAGs    # Errors  Last Runtime    Last Run
------------------------------------  -----  ---------  --------  ----------  --------------  -------------------
/opt/airflow/dags/crypto_pipeline.py                           1           0  0.08s           2026-04-03T11:04:00
================================================================================
[2026-04-03T11:04:52.247+0000] {manager.py:879} INFO - 
================================================================================
DAG File Processing Stats

File Path                             PID    Runtime      # DAGs    # Errors  Last Runtime    Last Run
------------------------------------  -----  ---------  --------  ----------  --------------  -------------------
/opt/airflow/dags/crypto_pipeline.py                           1           0  0.08s           2026-04-03T11:04:31
================================================================================
[2026-04-03T11:05:21.166+0000] {manager.py:879} INFO - 
================================================================================
DAG File Processing Stats

File Path                             PID    Runtime      # DAGs    # Errors  Last Runtime    Last Run
------------------------------------  -----  ---------  --------  ----------  --------------  -------------------
/opt/airflow/dags/crypto_pipeline.py                           1           0  0.07s           2026-04-03T11:05:02
================================================================================
[2026-04-03T11:05:49.884+0000] {manager.py:879} INFO - 
================================================================================
DAG File Processing Stats

File Path                             PID    Runtime      # DAGs    # Errors  Last Runtime    Last Run
------------------------------------  -----  ---------  --------  ----------  --------------  -------------------
/opt/airflow/dags/crypto_pipeline.py                           1           0  0.07s           2026-04-03T11:05:33
================================================================================
[2026-04-03T11:06:18.782+0000] {manager.py:879} INFO - 
================================================================================
DAG File Processing Stats

File Path                             PID    Runtime      # DAGs    # Errors  Last Runtime    Last Run
------------------------------------  -----  ---------  --------  ----------  --------------  -------------------
/opt/airflow/dags/crypto_pipeline.py                           1           0  0.07s           2026-04-03T11:06:04
================================================================================
[2026-04-03T11:06:47.568+0000] {manager.py:879} INFO - 
================================================================================
DAG File Processing Stats

File Path                             PID    Runtime      # DAGs    # Errors  Last Runtime    Last Run
------------------------------------  -----  ---------  --------  ----------  --------------  -------------------
/opt/airflow/dags/crypto_pipeline.py                           1           0  0.08s           2026-04-03T11:06:35
================================================================================
[2026-04-03T11:07:16.315+0000] {manager.py:879} INFO - 
================================================================================
DAG File Processing Stats

File Path                             PID    Runtime      # DAGs    # Errors  Last Runtime    Last Run
------------------------------------  -----  ---------  --------  ----------  --------------  -------------------
/opt/airflow/dags/crypto_pipeline.py                           1           0  0.07s           2026-04-03T11:07:05
================================================================================
[2026-04-03T11:07:28.466+0000] {manager.py:738} INFO - Searching for files in /opt/airflow/dags
[2026-04-03T11:07:28.483+0000] {manager.py:741} INFO - There are 1 files in /opt/airflow/dags
[2026-04-03T11:07:57.156+0000] {manager.py:469} INFO - Processing files using up to 2 processes at a time 
[2026-04-03T11:07:57.156+0000] {manager.py:470} INFO - Process each file at most once every 30 seconds
[2026-04-03T11:07:57.157+0000] {manager.py:471} INFO - Checking for new files in /opt/airflow/dags every 300 seconds
[2026-04-03T11:07:57.157+0000] {manager.py:738} INFO - Searching for files in /opt/airflow/dags
[2026-04-03T11:07:57.167+0000] {manager.py:741} INFO - There are 1 files in /opt/airflow/dags
[2026-04-03T11:07:57.219+0000] {manager.py:879} INFO - 
================================================================================
DAG File Processing Stats

File Path                               PID  Runtime      # DAGs    # Errors  Last Runtime    Last Run
------------------------------------  -----  ---------  --------  ----------  --------------  ----------
/opt/airflow/dags/crypto_pipeline.py    191  0.02s             0           0
================================================================================
[2026-04-03T11:08:26.247+0000] {manager.py:879} INFO - 
================================================================================
DAG File Processing Stats

File Path                             PID    Runtime      # DAGs    # Errors  Last Runtime    Last Run
------------------------------------  -----  ---------  --------  ----------  --------------  -------------------
/opt/airflow/dags/crypto_pipeline.py                           1           0  0.18s           2026-04-03T11:07:57
================================================================================
[2026-04-03T11:08:55.174+0000] {manager.py:879} INFO - 
================================================================================
DAG File Processing Stats

File Path                             PID    Runtime      # DAGs    # Errors  Last Runtime    Last Run
------------------------------------  -----  ---------  --------  ----------  --------------  -------------------
/opt/airflow/dags/crypto_pipeline.py                           1           0  0.08s           2026-04-03T11:08:28
================================================================================
[2026-04-03T11:09:24.001+0000] {manager.py:879} INFO - 
================================================================================
DAG File Processing Stats

File Path                             PID    Runtime      # DAGs    # Errors  Last Runtime    Last Run
------------------------------------  -----  ---------  --------  ----------  --------------  -------------------
/opt/airflow/dags/crypto_pipeline.py                           1           0  0.07s           2026-04-03T11:08:59
================================================================================
[2026-04-03T11:09:52.972+0000] {manager.py:879} INFO - 
================================================================================
DAG File Processing Stats

File Path                             PID    Runtime      # DAGs    # Errors  Last Runtime    Last Run
------------------------------------  -----  ---------  --------  ----------  --------------  -------------------
/opt/airflow/dags/crypto_pipeline.py                           1           0  0.07s           2026-04-03T11:09:30
================================================================================
[2026-04-03T11:10:22.407+0000] {manager.py:879} INFO - 
================================================================================
DAG File Processing Stats

File Path                             PID    Runtime      # DAGs    # Errors  Last Runtime    Last Run
------------------------------------  -----  ---------  --------  ----------  --------------  -------------------
/opt/airflow/dags/crypto_pipeline.py                           1           0  0.07s           2026-04-03T11:10:01
================================================================================
[2026-04-03T11:10:51.360+0000] {manager.py:879} INFO - 
================================================================================
DAG File Processing Stats

File Path                             PID    Runtime      # DAGs    # Errors  Last Runtime    Last Run
------------------------------------  -----  ---------  --------  ----------  --------------  -------------------
/opt/airflow/dags/crypto_pipeline.py                           1           0  0.07s           2026-04-03T11:10:31
================================================================================
[2026-04-03T11:11:20.108+0000] {manager.py:879} INFO - 
================================================================================
DAG File Processing Stats

File Path                             PID    Runtime      # DAGs    # Errors  Last Runtime    Last Run
------------------------------------  -----  ---------  --------  ----------  --------------  -------------------
/opt/airflow/dags/crypto_pipeline.py                           1           0  0.08s           2026-04-03T11:11:02
================================================================================
[2026-04-03T11:11:48.815+0000] {manager.py:879} INFO - 
================================================================================
DAG File Processing Stats

File Path                             PID    Runtime      # DAGs    # Errors  Last Runtime    Last Run
------------------------------------  -----  ---------  --------  ----------  --------------  -------------------
/opt/airflow/dags/crypto_pipeline.py                           1           0  0.07s           2026-04-03T11:11:32
================================================================================
[2026-04-03T11:12:17.587+0000] {manager.py:879} INFO - 
================================================================================
DAG File Processing Stats

File Path                             PID    Runtime      # DAGs    # Errors  Last Runtime    Last Run
------------------------------------  -----  ---------  --------  ----------  --------------  -------------------
/opt/airflow/dags/crypto_pipeline.py                           1           0  0.07s           2026-04-03T11:12:03
================================================================================
[2026-04-03T11:12:46.301+0000] {manager.py:879} INFO - 
================================================================================
DAG File Processing Stats

File Path                             PID    Runtime      # DAGs    # Errors  Last Runtime    Last Run
------------------------------------  -----  ---------  --------  ----------  --------------  -------------------
/opt/airflow/dags/crypto_pipeline.py                           1           0  0.08s           2026-04-03T11:12:34
================================================================================
[2026-04-03T11:12:57.899+0000] {manager.py:738} INFO - Searching for files in /opt/airflow/dags
[2026-04-03T11:12:57.908+0000] {manager.py:741} INFO - There are 1 files in /opt/airflow/dags
[2026-04-03T11:13:15.039+0000] {manager.py:879} INFO - 
================================================================================
DAG File Processing Stats

File Path                             PID    Runtime      # DAGs    # Errors  Last Runtime    Last Run
------------------------------------  -----  ---------  --------  ----------  --------------  -------------------
/opt/airflow/dags/crypto_pipeline.py                           1           0  0.08s           2026-04-03T11:13:05
================================================================================
[2026-04-03T11:13:43.794+0000] {manager.py:879} INFO - 
================================================================================
DAG File Processing Stats

File Path                             PID    Runtime      # DAGs    # Errors  Last Runtime    Last Run
------------------------------------  -----  ---------  --------  ----------  --------------  -------------------
/opt/airflow/dags/crypto_pipeline.py                           1           0  0.08s           2026-04-03T11:13:35
================================================================================
[2026-04-03T11:14:12.516+0000] {manager.py:879} INFO - 
================================================================================
DAG File Processing Stats

File Path                             PID    Runtime      # DAGs    # Errors  Last Runtime    Last Run
------------------------------------  -----  ---------  --------  ----------  --------------  -------------------
/opt/airflow/dags/crypto_pipeline.py                           1           0  0.07s           2026-04-03T11:14:06
================================================================================
[2026-04-03T11:14:41.276+0000] {manager.py:879} INFO - 
================================================================================
DAG File Processing Stats

File Path                             PID    Runtime      # DAGs    # Errors  Last Runtime    Last Run
------------------------------------  -----  ---------  --------  ----------  --------------  -------------------
/opt/airflow/dags/crypto_pipeline.py                           1           0  0.07s           2026-04-03T11:14:37
================================================================================
[2026-04-03T11:15:10.001+0000] {manager.py:879} INFO - 
================================================================================
DAG File Processing Stats

File Path                             PID    Runtime      # DAGs    # Errors  Last Runtime    Last Run
------------------------------------  -----  ---------  --------  ----------  --------------  -------------------
/opt/airflow/dags/crypto_pipeline.py                           1           0  0.07s           2026-04-03T11:15:08
================================================================================
[2026-04-03T11:15:38.721+0000] {manager.py:879} INFO - 
================================================================================
DAG File Processing Stats

File Path                               PID  Runtime      # DAGs    # Errors  Last Runtime    Last Run
------------------------------------  -----  ---------  --------  ----------  --------------  -------------------
/opt/airflow/dags/crypto_pipeline.py    338  0.00s             1           0  0.07s           2026-04-03T11:15:08
================================================================================
[2026-04-03T11:16:07.431+0000] {manager.py:879} INFO - 
================================================================================
DAG File Processing Stats

File Path                             PID    Runtime      # DAGs    # Errors  Last Runtime    Last Run
------------------------------------  -----  ---------  --------  ----------  --------------  -------------------
/opt/airflow/dags/crypto_pipeline.py                           1           0  0.07s           2026-04-03T11:15:38
================================================================================
[2026-04-03T11:16:36.173+0000] {manager.py:879} INFO - 
================================================================================
DAG File Processing Stats

File Path                             PID    Runtime      # DAGs    # Errors  Last Runtime    Last Run
------------------------------------  -----  ---------  --------  ----------  --------------  -------------------
/opt/airflow/dags/crypto_pipeline.py                           1           0  0.08s           2026-04-03T11:16:09
================================================================================
[2026-04-03T11:17:04.909+0000] {manager.py:879} INFO - 
================================================================================
DAG File Processing Stats

File Path                             PID    Runtime      # DAGs    # Errors  Last Runtime    Last Run
------------------------------------  -----  ---------  --------  ----------  --------------  -------------------
/opt/airflow/dags/crypto_pipeline.py                           1           0  0.08s           2026-04-03T11:16:40
================================================================================
[2026-04-03T11:17:33.670+0000] {manager.py:879} INFO - 
================================================================================
DAG File Processing Stats

File Path                             PID    Runtime      # DAGs    # Errors  Last Runtime    Last Run
------------------------------------  -----  ---------  --------  ----------  --------------  -------------------
/opt/airflow/dags/crypto_pipeline.py                           1           0  0.08s           2026-04-03T11:17:11
================================================================================
[2026-04-03T11:17:58.365+0000] {manager.py:738} INFO - Searching for files in /opt/airflow/dags
[2026-04-03T11:17:58.376+0000] {manager.py:741} INFO - There are 1 files in /opt/airflow/dags
[2026-04-03T11:18:02.402+0000] {manager.py:879} INFO - 
================================================================================
DAG File Processing Stats

File Path                             PID    Runtime      # DAGs    # Errors  Last Runtime    Last Run
------------------------------------  -----  ---------  --------  ----------  --------------  -------------------
/opt/airflow/dags/crypto_pipeline.py                           1           0  0.08s           2026-04-03T11:17:41
================================================================================
[2026-04-03T11:18:31.126+0000] {manager.py:879} INFO - 
================================================================================
DAG File Processing Stats

File Path                             PID    Runtime      # DAGs    # Errors  Last Runtime    Last Run
------------------------------------  -----  ---------  --------  ----------  --------------  -------------------
/opt/airflow/dags/crypto_pipeline.py                           1           0  0.08s           2026-04-03T11:18:12
================================================================================
[2026-04-03T11:18:35.008+0000] {manager.py:451} INFO - Exiting gracefully upon receiving signal 15
[2026-04-03T22:18:52.534+0000] {manager.py:469} INFO - Processing files using up to 2 processes at a time 
[2026-04-03T22:18:52.534+0000] {manager.py:470} INFO - Process each file at most once every 30 seconds
[2026-04-03T22:18:52.535+0000] {manager.py:471} INFO - Checking for new files in /opt/airflow/dags every 300 seconds
[2026-04-03T22:18:52.535+0000] {manager.py:738} INFO - Searching for files in /opt/airflow/dags
[2026-04-03T22:18:52.562+0000] {manager.py:741} INFO - There are 1 files in /opt/airflow/dags
[2026-04-03T22:18:52.617+0000] {manager.py:879} INFO - 
================================================================================
DAG File Processing Stats

File Path                               PID  Runtime      # DAGs    # Errors  Last Runtime    Last Run
------------------------------------  -----  ---------  --------  ----------  --------------  ----------
/opt/airflow/dags/crypto_pipeline.py    191  0.02s             0           0
================================================================================
[2026-04-03T22:19:20.577+0000] {manager.py:879} INFO - 
================================================================================
DAG File Processing Stats

File Path                             PID    Runtime      # DAGs    # Errors  Last Runtime    Last Run
------------------------------------  -----  ---------  --------  ----------  --------------  -------------------
/opt/airflow/dags/crypto_pipeline.py                           1           0  0.19s           2026-04-03T22:18:52
================================================================================
[2026-04-03T22:19:48.807+0000] {manager.py:879} INFO - 
================================================================================
DAG File Processing Stats

File Path                             PID    Runtime      # DAGs    # Errors  Last Runtime    Last Run
------------------------------------  -----  ---------  --------  ----------  --------------  -------------------
/opt/airflow/dags/crypto_pipeline.py                           1           0  0.08s           2026-04-03T22:19:23
================================================================================
[2026-04-03T22:20:17.187+0000] {manager.py:879} INFO - 
================================================================================
DAG File Processing Stats

File Path                             PID    Runtime      # DAGs    # Errors  Last Runtime    Last Run
------------------------------------  -----  ---------  --------  ----------  --------------  -------------------
/opt/airflow/dags/crypto_pipeline.py                           1           0  0.07s           2026-04-03T22:19:54
================================================================================
[2026-04-03T22:20:45.314+0000] {manager.py:879} INFO - 
================================================================================
DAG File Processing Stats

File Path                             PID    Runtime      # DAGs    # Errors  Last Runtime    Last Run
------------------------------------  -----  ---------  --------  ----------  --------------  -------------------
/opt/airflow/dags/crypto_pipeline.py                           1           0  0.11s           2026-04-03T22:20:24
================================================================================
[2026-04-03T22:21:13.507+0000] {manager.py:879} INFO - 
================================================================================
DAG File Processing Stats

File Path                             PID    Runtime      # DAGs    # Errors  Last Runtime    Last Run
------------------------------------  -----  ---------  --------  ----------  --------------  -------------------
/opt/airflow/dags/crypto_pipeline.py                           1           0  0.08s           2026-04-03T22:20:54
================================================================================
[2026-04-03T22:21:41.482+0000] {manager.py:879} INFO - 
================================================================================
DAG File Processing Stats

File Path                             PID    Runtime      # DAGs    # Errors  Last Runtime    Last Run
------------------------------------  -----  ---------  --------  ----------  --------------  -------------------
/opt/airflow/dags/crypto_pipeline.py                           1           0  0.08s           2026-04-03T22:21:24
================================================================================
[2026-04-03T22:22:09.652+0000] {manager.py:879} INFO - 
================================================================================
DAG File Processing Stats

File Path                             PID    Runtime      # DAGs    # Errors  Last Runtime    Last Run
------------------------------------  -----  ---------  --------  ----------  --------------  -------------------
/opt/airflow/dags/crypto_pipeline.py                           1           0  0.08s           2026-04-03T22:21:55
================================================================================
[2026-04-03T22:22:37.644+0000] {manager.py:879} INFO - 
================================================================================
DAG File Processing Stats

File Path                             PID    Runtime      # DAGs    # Errors  Last Runtime    Last Run
------------------------------------  -----  ---------  --------  ----------  --------------  -------------------
/opt/airflow/dags/crypto_pipeline.py                           1           0  0.07s           2026-04-03T22:22:25
================================================================================
[2026-04-03T22:23:05.692+0000] {manager.py:879} INFO - 
================================================================================
DAG File Processing Stats

File Path                             PID    Runtime      # DAGs    # Errors  Last Runtime    Last Run
------------------------------------  -----  ---------  --------  ----------  --------------  -------------------
/opt/airflow/dags/crypto_pipeline.py                           1           0  0.07s           2026-04-03T22:22:56
================================================================================
[2026-04-03T22:23:33.847+0000] {manager.py:879} INFO - 
================================================================================
DAG File Processing Stats

File Path                             PID    Runtime      # DAGs    # Errors  Last Runtime    Last Run
------------------------------------  -----  ---------  --------  ----------  --------------  -------------------
/opt/airflow/dags/crypto_pipeline.py                           1           0  0.07s           2026-04-03T22:23:27
================================================================================
[2026-04-03T22:23:53.020+0000] {manager.py:738} INFO - Searching for files in /opt/airflow/dags
[2026-04-03T22:23:53.034+0000] {manager.py:741} INFO - There are 1 files in /opt/airflow/dags
[2026-04-03T22:24:01.940+0000] {manager.py:879} INFO - 
================================================================================
DAG File Processing Stats

File Path                             PID    Runtime      # DAGs    # Errors  Last Runtime    Last Run
------------------------------------  -----  ---------  --------  ----------  --------------  -------------------
/opt/airflow/dags/crypto_pipeline.py                           1           0  0.07s           2026-04-03T22:23:57
================================================================================
[2026-04-03T22:24:30.215+0000] {manager.py:879} INFO - 
================================================================================
DAG File Processing Stats

File Path                             PID    Runtime      # DAGs    # Errors  Last Runtime    Last Run
------------------------------------  -----  ---------  --------  ----------  --------------  -------------------
/opt/airflow/dags/crypto_pipeline.py                           1           0  0.12s           2026-04-03T22:24:28
================================================================================
[2026-04-03T22:24:58.193+0000] {manager.py:879} INFO - 
================================================================================
DAG File Processing Stats

File Path                             PID    Runtime      # DAGs    # Errors  Last Runtime    Last Run
------------------------------------  -----  ---------  --------  ----------  --------------  -------------------
/opt/airflow/dags/crypto_pipeline.py                           1           0  0.12s           2026-04-03T22:24:28
================================================================================
[2026-04-03T22:25:26.489+0000] {manager.py:879} INFO - 
================================================================================
DAG File Processing Stats

File Path                             PID    Runtime      # DAGs    # Errors  Last Runtime    Last Run
------------------------------------  -----  ---------  --------  ----------  --------------  -------------------
/opt/airflow/dags/crypto_pipeline.py                           1           0  0.08s           2026-04-03T22:24:58
================================================================================
[2026-04-03T22:25:54.564+0000] {manager.py:879} INFO - 
================================================================================
DAG File Processing Stats

File Path                             PID    Runtime      # DAGs    # Errors  Last Runtime    Last Run
------------------------------------  -----  ---------  --------  ----------  --------------  -------------------
/opt/airflow/dags/crypto_pipeline.py                           1           0  0.07s           2026-04-03T22:25:28
================================================================================
[2026-04-03T22:26:22.646+0000] {manager.py:879} INFO - 
================================================================================
DAG File Processing Stats

File Path                             PID    Runtime      # DAGs    # Errors  Last Runtime    Last Run
------------------------------------  -----  ---------  --------  ----------  --------------  -------------------
/opt/airflow/dags/crypto_pipeline.py                           1           0  0.08s           2026-04-03T22:25:58
================================================================================
[2026-04-03T22:26:50.714+0000] {manager.py:879} INFO - 
================================================================================
DAG File Processing Stats

File Path                             PID    Runtime      # DAGs    # Errors  Last Runtime    Last Run
------------------------------------  -----  ---------  --------  ----------  --------------  -------------------
/opt/airflow/dags/crypto_pipeline.py                           1           0  0.07s           2026-04-03T22:26:29
================================================================================
[2026-04-03T22:27:18.820+0000] {manager.py:879} INFO - 
================================================================================
DAG File Processing Stats

File Path                             PID    Runtime      # DAGs    # Errors  Last Runtime    Last Run
------------------------------------  -----  ---------  --------  ----------  --------------  -------------------
/opt/airflow/dags/crypto_pipeline.py                           1           0  0.07s           2026-04-03T22:26:59
================================================================================
[2026-04-03T22:27:47.128+0000] {manager.py:879} INFO - 
================================================================================
DAG File Processing Stats

File Path                             PID    Runtime      # DAGs    # Errors  Last Runtime    Last Run
------------------------------------  -----  ---------  --------  ----------  --------------  -------------------
/opt/airflow/dags/crypto_pipeline.py                           1           0  0.07s           2026-04-03T22:27:30
================================================================================
[2026-04-03T22:27:51.271+0000] {manager.py:451} INFO - Exiting gracefully upon receiving signal 15
