[2026-04-03T10:54:54.410+0000] {processor.py:161} INFO - Started process (PID=191) to work on /opt/airflow/dags/crypto_pipeline.py
[2026-04-03T10:54:54.411+0000] {processor.py:830} INFO - Processing file /opt/airflow/dags/crypto_pipeline.py for tasks to queue
[2026-04-03T10:54:54.411+0000] {logging_mixin.py:188} INFO - [2026-04-03T10:54:54.411+0000] {dagbag.py:538} INFO - Filling up the DagBag from /opt/airflow/dags/crypto_pipeline.py
[2026-04-03T10:54:54.431+0000] {processor.py:840} INFO - DAG(s) 'crypto_pipeline' retrieved from /opt/airflow/dags/crypto_pipeline.py
[2026-04-03T10:54:54.545+0000] {logging_mixin.py:188} INFO - [2026-04-03T10:54:54.544+0000] {override.py:1769} INFO - Created Permission View: can edit on DAG:crypto_pipeline
[2026-04-03T10:54:54.550+0000] {logging_mixin.py:188} INFO - [2026-04-03T10:54:54.550+0000] {override.py:1769} INFO - Created Permission View: can read on DAG:crypto_pipeline
[2026-04-03T10:54:54.555+0000] {logging_mixin.py:188} INFO - [2026-04-03T10:54:54.555+0000] {override.py:1769} INFO - Created Permission View: can delete on DAG:crypto_pipeline
[2026-04-03T10:54:54.555+0000] {logging_mixin.py:188} INFO - [2026-04-03T10:54:54.555+0000] {dag.py:3036} INFO - Sync 1 DAGs
[2026-04-03T10:54:54.561+0000] {logging_mixin.py:188} INFO - [2026-04-03T10:54:54.561+0000] {dag.py:3058} INFO - Creating ORM DAG for crypto_pipeline
[2026-04-03T10:54:54.567+0000] {logging_mixin.py:188} INFO - [2026-04-03T10:54:54.567+0000] {dag.py:3823} INFO - Setting next_dagrun for crypto_pipeline to 2026-04-03 10:45:00+00:00, run_after=2026-04-03 10:50:00+00:00
[2026-04-03T10:54:54.580+0000] {processor.py:183} INFO - Processing /opt/airflow/dags/crypto_pipeline.py took 0.172 seconds
[2026-04-03T10:55:25.412+0000] {processor.py:161} INFO - Started process (PID=200) to work on /opt/airflow/dags/crypto_pipeline.py
[2026-04-03T10:55:25.413+0000] {processor.py:830} INFO - Processing file /opt/airflow/dags/crypto_pipeline.py for tasks to queue
[2026-04-03T10:55:25.414+0000] {logging_mixin.py:188} INFO - [2026-04-03T10:55:25.414+0000] {dagbag.py:538} INFO - Filling up the DagBag from /opt/airflow/dags/crypto_pipeline.py
[2026-04-03T10:55:25.429+0000] {processor.py:840} INFO - DAG(s) 'crypto_pipeline' retrieved from /opt/airflow/dags/crypto_pipeline.py
[2026-04-03T10:55:25.448+0000] {logging_mixin.py:188} INFO - [2026-04-03T10:55:25.448+0000] {dag.py:3036} INFO - Sync 1 DAGs
[2026-04-03T10:55:25.471+0000] {processor.py:183} INFO - Processing /opt/airflow/dags/crypto_pipeline.py took 0.061 seconds
[2026-04-03T10:55:55.765+0000] {processor.py:161} INFO - Started process (PID=207) to work on /opt/airflow/dags/crypto_pipeline.py
[2026-04-03T10:55:55.765+0000] {processor.py:830} INFO - Processing file /opt/airflow/dags/crypto_pipeline.py for tasks to queue
[2026-04-03T10:55:55.766+0000] {logging_mixin.py:188} INFO - [2026-04-03T10:55:55.766+0000] {dagbag.py:538} INFO - Filling up the DagBag from /opt/airflow/dags/crypto_pipeline.py
[2026-04-03T10:55:55.781+0000] {processor.py:840} INFO - DAG(s) 'crypto_pipeline' retrieved from /opt/airflow/dags/crypto_pipeline.py
[2026-04-03T10:55:55.800+0000] {logging_mixin.py:188} INFO - [2026-04-03T10:55:55.799+0000] {dag.py:3036} INFO - Sync 1 DAGs
[2026-04-03T10:55:55.821+0000] {processor.py:183} INFO - Processing /opt/airflow/dags/crypto_pipeline.py took 0.058 seconds
[2026-04-03T10:56:26.636+0000] {processor.py:161} INFO - Started process (PID=218) to work on /opt/airflow/dags/crypto_pipeline.py
[2026-04-03T10:56:26.636+0000] {processor.py:830} INFO - Processing file /opt/airflow/dags/crypto_pipeline.py for tasks to queue
[2026-04-03T10:56:26.637+0000] {logging_mixin.py:188} INFO - [2026-04-03T10:56:26.637+0000] {dagbag.py:538} INFO - Filling up the DagBag from /opt/airflow/dags/crypto_pipeline.py
[2026-04-03T10:56:26.650+0000] {processor.py:840} INFO - DAG(s) 'crypto_pipeline' retrieved from /opt/airflow/dags/crypto_pipeline.py
[2026-04-03T10:56:26.667+0000] {logging_mixin.py:188} INFO - [2026-04-03T10:56:26.667+0000] {dag.py:3036} INFO - Sync 1 DAGs
[2026-04-03T10:56:26.690+0000] {processor.py:183} INFO - Processing /opt/airflow/dags/crypto_pipeline.py took 0.056 seconds
[2026-04-03T10:56:57.632+0000] {processor.py:161} INFO - Started process (PID=223) to work on /opt/airflow/dags/crypto_pipeline.py
[2026-04-03T10:56:57.632+0000] {processor.py:830} INFO - Processing file /opt/airflow/dags/crypto_pipeline.py for tasks to queue
[2026-04-03T10:56:57.633+0000] {logging_mixin.py:188} INFO - [2026-04-03T10:56:57.633+0000] {dagbag.py:538} INFO - Filling up the DagBag from /opt/airflow/dags/crypto_pipeline.py
[2026-04-03T10:56:57.647+0000] {processor.py:840} INFO - DAG(s) 'crypto_pipeline' retrieved from /opt/airflow/dags/crypto_pipeline.py
[2026-04-03T10:56:57.667+0000] {logging_mixin.py:188} INFO - [2026-04-03T10:56:57.667+0000] {dag.py:3036} INFO - Sync 1 DAGs
[2026-04-03T10:56:57.690+0000] {processor.py:183} INFO - Processing /opt/airflow/dags/crypto_pipeline.py took 0.060 seconds
[2026-04-03T10:57:27.882+0000] {processor.py:161} INFO - Started process (PID=230) to work on /opt/airflow/dags/crypto_pipeline.py
[2026-04-03T10:57:27.883+0000] {processor.py:830} INFO - Processing file /opt/airflow/dags/crypto_pipeline.py for tasks to queue
[2026-04-03T10:57:27.883+0000] {logging_mixin.py:188} INFO - [2026-04-03T10:57:27.883+0000] {dagbag.py:538} INFO - Filling up the DagBag from /opt/airflow/dags/crypto_pipeline.py
[2026-04-03T10:57:27.895+0000] {processor.py:840} INFO - DAG(s) 'crypto_pipeline' retrieved from /opt/airflow/dags/crypto_pipeline.py
[2026-04-03T10:57:27.911+0000] {logging_mixin.py:188} INFO - [2026-04-03T10:57:27.911+0000] {dag.py:3036} INFO - Sync 1 DAGs
[2026-04-03T10:57:27.935+0000] {processor.py:183} INFO - Processing /opt/airflow/dags/crypto_pipeline.py took 0.055 seconds
[2026-04-03T10:57:58.124+0000] {processor.py:161} INFO - Started process (PID=237) to work on /opt/airflow/dags/crypto_pipeline.py
[2026-04-03T10:57:58.125+0000] {processor.py:830} INFO - Processing file /opt/airflow/dags/crypto_pipeline.py for tasks to queue
[2026-04-03T10:57:58.125+0000] {logging_mixin.py:188} INFO - [2026-04-03T10:57:58.125+0000] {dagbag.py:538} INFO - Filling up the DagBag from /opt/airflow/dags/crypto_pipeline.py
[2026-04-03T10:57:58.137+0000] {processor.py:840} INFO - DAG(s) 'crypto_pipeline' retrieved from /opt/airflow/dags/crypto_pipeline.py
[2026-04-03T10:57:58.154+0000] {logging_mixin.py:188} INFO - [2026-04-03T10:57:58.154+0000] {dag.py:3036} INFO - Sync 1 DAGs
[2026-04-03T10:57:58.168+0000] {logging_mixin.py:188} INFO - [2026-04-03T10:57:58.168+0000] {dag.py:3823} INFO - Setting next_dagrun for crypto_pipeline to 2026-04-03 10:55:00+00:00, run_after=2026-04-03 11:00:00+00:00
[2026-04-03T10:57:58.179+0000] {processor.py:183} INFO - Processing /opt/airflow/dags/crypto_pipeline.py took 0.057 seconds
[2026-04-03T10:58:29.012+0000] {processor.py:161} INFO - Started process (PID=242) to work on /opt/airflow/dags/crypto_pipeline.py
[2026-04-03T10:58:29.013+0000] {processor.py:830} INFO - Processing file /opt/airflow/dags/crypto_pipeline.py for tasks to queue
[2026-04-03T10:58:29.014+0000] {logging_mixin.py:188} INFO - [2026-04-03T10:58:29.013+0000] {dagbag.py:538} INFO - Filling up the DagBag from /opt/airflow/dags/crypto_pipeline.py
[2026-04-03T10:58:29.029+0000] {processor.py:840} INFO - DAG(s) 'crypto_pipeline' retrieved from /opt/airflow/dags/crypto_pipeline.py
[2026-04-03T10:58:29.049+0000] {logging_mixin.py:188} INFO - [2026-04-03T10:58:29.049+0000] {dag.py:3036} INFO - Sync 1 DAGs
[2026-04-03T10:58:29.064+0000] {logging_mixin.py:188} INFO - [2026-04-03T10:58:29.064+0000] {dag.py:3823} INFO - Setting next_dagrun for crypto_pipeline to 2026-04-03 10:55:00+00:00, run_after=2026-04-03 11:00:00+00:00
[2026-04-03T10:58:29.079+0000] {processor.py:183} INFO - Processing /opt/airflow/dags/crypto_pipeline.py took 0.069 seconds
[2026-04-03T10:58:59.983+0000] {processor.py:161} INFO - Started process (PID=247) to work on /opt/airflow/dags/crypto_pipeline.py
[2026-04-03T10:58:59.983+0000] {processor.py:830} INFO - Processing file /opt/airflow/dags/crypto_pipeline.py for tasks to queue
[2026-04-03T10:58:59.984+0000] {logging_mixin.py:188} INFO - [2026-04-03T10:58:59.984+0000] {dagbag.py:538} INFO - Filling up the DagBag from /opt/airflow/dags/crypto_pipeline.py
[2026-04-03T10:58:59.996+0000] {processor.py:840} INFO - DAG(s) 'crypto_pipeline' retrieved from /opt/airflow/dags/crypto_pipeline.py
[2026-04-03T10:59:00.013+0000] {logging_mixin.py:188} INFO - [2026-04-03T10:59:00.013+0000] {dag.py:3036} INFO - Sync 1 DAGs
[2026-04-03T10:59:00.027+0000] {logging_mixin.py:188} INFO - [2026-04-03T10:59:00.026+0000] {dag.py:3823} INFO - Setting next_dagrun for crypto_pipeline to 2026-04-03 10:55:00+00:00, run_after=2026-04-03 11:00:00+00:00
[2026-04-03T10:59:00.037+0000] {processor.py:183} INFO - Processing /opt/airflow/dags/crypto_pipeline.py took 0.056 seconds
[2026-04-03T10:59:30.105+0000] {processor.py:161} INFO - Started process (PID=252) to work on /opt/airflow/dags/crypto_pipeline.py
[2026-04-03T10:59:30.106+0000] {processor.py:830} INFO - Processing file /opt/airflow/dags/crypto_pipeline.py for tasks to queue
[2026-04-03T10:59:30.107+0000] {logging_mixin.py:188} INFO - [2026-04-03T10:59:30.106+0000] {dagbag.py:538} INFO - Filling up the DagBag from /opt/airflow/dags/crypto_pipeline.py
[2026-04-03T10:59:30.119+0000] {processor.py:840} INFO - DAG(s) 'crypto_pipeline' retrieved from /opt/airflow/dags/crypto_pipeline.py
[2026-04-03T10:59:30.138+0000] {logging_mixin.py:188} INFO - [2026-04-03T10:59:30.138+0000] {dag.py:3036} INFO - Sync 1 DAGs
[2026-04-03T10:59:30.153+0000] {logging_mixin.py:188} INFO - [2026-04-03T10:59:30.153+0000] {dag.py:3823} INFO - Setting next_dagrun for crypto_pipeline to 2026-04-03 10:55:00+00:00, run_after=2026-04-03 11:00:00+00:00
[2026-04-03T10:59:30.166+0000] {processor.py:183} INFO - Processing /opt/airflow/dags/crypto_pipeline.py took 0.063 seconds
[2026-04-03T11:00:00.762+0000] {processor.py:161} INFO - Started process (PID=191) to work on /opt/airflow/dags/crypto_pipeline.py
[2026-04-03T11:00:00.763+0000] {processor.py:830} INFO - Processing file /opt/airflow/dags/crypto_pipeline.py for tasks to queue
[2026-04-03T11:00:00.763+0000] {logging_mixin.py:188} INFO - [2026-04-03T11:00:00.763+0000] {dagbag.py:538} INFO - Filling up the DagBag from /opt/airflow/dags/crypto_pipeline.py
[2026-04-03T11:00:00.779+0000] {processor.py:840} INFO - DAG(s) 'crypto_pipeline' retrieved from /opt/airflow/dags/crypto_pipeline.py
[2026-04-03T11:00:00.893+0000] {logging_mixin.py:188} INFO - [2026-04-03T11:00:00.893+0000] {override.py:1769} INFO - Created Permission View: can read on DAG:crypto_pipeline
[2026-04-03T11:00:00.898+0000] {logging_mixin.py:188} INFO - [2026-04-03T11:00:00.898+0000] {override.py:1769} INFO - Created Permission View: can delete on DAG:crypto_pipeline
[2026-04-03T11:00:00.903+0000] {logging_mixin.py:188} INFO - [2026-04-03T11:00:00.903+0000] {override.py:1769} INFO - Created Permission View: can edit on DAG:crypto_pipeline
[2026-04-03T11:00:00.903+0000] {logging_mixin.py:188} INFO - [2026-04-03T11:00:00.903+0000] {dag.py:3036} INFO - Sync 1 DAGs
[2026-04-03T11:00:00.909+0000] {logging_mixin.py:188} INFO - [2026-04-03T11:00:00.909+0000] {dag.py:3058} INFO - Creating ORM DAG for crypto_pipeline
[2026-04-03T11:00:00.916+0000] {logging_mixin.py:188} INFO - [2026-04-03T11:00:00.916+0000] {dag.py:3823} INFO - Setting next_dagrun for crypto_pipeline to 2026-04-03 10:55:00+00:00, run_after=2026-04-03 11:00:00+00:00
[2026-04-03T11:00:00.929+0000] {processor.py:183} INFO - Processing /opt/airflow/dags/crypto_pipeline.py took 0.169 seconds
[2026-04-03T11:00:31.805+0000] {processor.py:161} INFO - Started process (PID=200) to work on /opt/airflow/dags/crypto_pipeline.py
[2026-04-03T11:00:31.806+0000] {processor.py:830} INFO - Processing file /opt/airflow/dags/crypto_pipeline.py for tasks to queue
[2026-04-03T11:00:31.806+0000] {logging_mixin.py:188} INFO - [2026-04-03T11:00:31.806+0000] {dagbag.py:538} INFO - Filling up the DagBag from /opt/airflow/dags/crypto_pipeline.py
[2026-04-03T11:00:31.820+0000] {processor.py:840} INFO - DAG(s) 'crypto_pipeline' retrieved from /opt/airflow/dags/crypto_pipeline.py
[2026-04-03T11:00:31.840+0000] {logging_mixin.py:188} INFO - [2026-04-03T11:00:31.840+0000] {dag.py:3036} INFO - Sync 1 DAGs
[2026-04-03T11:00:31.866+0000] {processor.py:183} INFO - Processing /opt/airflow/dags/crypto_pipeline.py took 0.063 seconds
[2026-04-03T11:01:02.164+0000] {processor.py:161} INFO - Started process (PID=207) to work on /opt/airflow/dags/crypto_pipeline.py
[2026-04-03T11:01:02.164+0000] {processor.py:830} INFO - Processing file /opt/airflow/dags/crypto_pipeline.py for tasks to queue
[2026-04-03T11:01:02.165+0000] {logging_mixin.py:188} INFO - [2026-04-03T11:01:02.165+0000] {dagbag.py:538} INFO - Filling up the DagBag from /opt/airflow/dags/crypto_pipeline.py
[2026-04-03T11:01:02.178+0000] {processor.py:840} INFO - DAG(s) 'crypto_pipeline' retrieved from /opt/airflow/dags/crypto_pipeline.py
[2026-04-03T11:01:02.197+0000] {logging_mixin.py:188} INFO - [2026-04-03T11:01:02.197+0000] {dag.py:3036} INFO - Sync 1 DAGs
[2026-04-03T11:01:02.217+0000] {processor.py:183} INFO - Processing /opt/airflow/dags/crypto_pipeline.py took 0.055 seconds
[2026-04-03T11:01:32.582+0000] {processor.py:161} INFO - Started process (PID=214) to work on /opt/airflow/dags/crypto_pipeline.py
[2026-04-03T11:01:32.583+0000] {processor.py:830} INFO - Processing file /opt/airflow/dags/crypto_pipeline.py for tasks to queue
[2026-04-03T11:01:32.583+0000] {logging_mixin.py:188} INFO - [2026-04-03T11:01:32.583+0000] {dagbag.py:538} INFO - Filling up the DagBag from /opt/airflow/dags/crypto_pipeline.py
[2026-04-03T11:01:32.595+0000] {processor.py:840} INFO - DAG(s) 'crypto_pipeline' retrieved from /opt/airflow/dags/crypto_pipeline.py
[2026-04-03T11:01:32.612+0000] {logging_mixin.py:188} INFO - [2026-04-03T11:01:32.611+0000] {dag.py:3036} INFO - Sync 1 DAGs
[2026-04-03T11:01:32.626+0000] {logging_mixin.py:188} INFO - [2026-04-03T11:01:32.626+0000] {dag.py:3823} INFO - Setting next_dagrun for crypto_pipeline to 2026-04-03 11:00:00+00:00, run_after=2026-04-03 11:05:00+00:00
[2026-04-03T11:01:32.637+0000] {processor.py:183} INFO - Processing /opt/airflow/dags/crypto_pipeline.py took 0.056 seconds
[2026-04-03T11:02:03.583+0000] {processor.py:161} INFO - Started process (PID=219) to work on /opt/airflow/dags/crypto_pipeline.py
[2026-04-03T11:02:03.584+0000] {processor.py:830} INFO - Processing file /opt/airflow/dags/crypto_pipeline.py for tasks to queue
[2026-04-03T11:02:03.585+0000] {logging_mixin.py:188} INFO - [2026-04-03T11:02:03.584+0000] {dagbag.py:538} INFO - Filling up the DagBag from /opt/airflow/dags/crypto_pipeline.py
[2026-04-03T11:02:03.600+0000] {processor.py:840} INFO - DAG(s) 'crypto_pipeline' retrieved from /opt/airflow/dags/crypto_pipeline.py
[2026-04-03T11:02:03.618+0000] {logging_mixin.py:188} INFO - [2026-04-03T11:02:03.618+0000] {dag.py:3036} INFO - Sync 1 DAGs
[2026-04-03T11:02:03.631+0000] {logging_mixin.py:188} INFO - [2026-04-03T11:02:03.631+0000] {dag.py:3823} INFO - Setting next_dagrun for crypto_pipeline to 2026-04-03 11:00:00+00:00, run_after=2026-04-03 11:05:00+00:00
[2026-04-03T11:02:03.643+0000] {processor.py:183} INFO - Processing /opt/airflow/dags/crypto_pipeline.py took 0.062 seconds
[2026-04-03T11:02:28.236+0000] {processor.py:161} INFO - Started process (PID=191) to work on /opt/airflow/dags/crypto_pipeline.py
[2026-04-03T11:02:28.237+0000] {processor.py:830} INFO - Processing file /opt/airflow/dags/crypto_pipeline.py for tasks to queue
[2026-04-03T11:02:28.238+0000] {logging_mixin.py:188} INFO - [2026-04-03T11:02:28.238+0000] {dagbag.py:538} INFO - Filling up the DagBag from /opt/airflow/dags/crypto_pipeline.py
[2026-04-03T11:02:28.254+0000] {processor.py:840} INFO - DAG(s) 'crypto_pipeline' retrieved from /opt/airflow/dags/crypto_pipeline.py
[2026-04-03T11:02:28.270+0000] {logging_mixin.py:188} INFO - [2026-04-03T11:02:28.270+0000] {dag.py:3036} INFO - Sync 1 DAGs
[2026-04-03T11:02:28.285+0000] {logging_mixin.py:188} INFO - [2026-04-03T11:02:28.285+0000] {dag.py:3823} INFO - Setting next_dagrun for crypto_pipeline to 2026-04-03 11:00:00+00:00, run_after=2026-04-03 11:05:00+00:00
[2026-04-03T11:02:28.305+0000] {processor.py:183} INFO - Processing /opt/airflow/dags/crypto_pipeline.py took 0.070 seconds
[2026-04-03T11:02:58.943+0000] {processor.py:161} INFO - Started process (PID=196) to work on /opt/airflow/dags/crypto_pipeline.py
[2026-04-03T11:02:58.944+0000] {processor.py:830} INFO - Processing file /opt/airflow/dags/crypto_pipeline.py for tasks to queue
[2026-04-03T11:02:58.944+0000] {logging_mixin.py:188} INFO - [2026-04-03T11:02:58.944+0000] {dagbag.py:538} INFO - Filling up the DagBag from /opt/airflow/dags/crypto_pipeline.py
[2026-04-03T11:02:58.957+0000] {processor.py:840} INFO - DAG(s) 'crypto_pipeline' retrieved from /opt/airflow/dags/crypto_pipeline.py
[2026-04-03T11:02:59.063+0000] {logging_mixin.py:188} INFO - [2026-04-03T11:02:59.062+0000] {dag.py:3036} INFO - Sync 1 DAGs
[2026-04-03T11:02:59.075+0000] {logging_mixin.py:188} INFO - [2026-04-03T11:02:59.075+0000] {dag.py:3823} INFO - Setting next_dagrun for crypto_pipeline to 2026-04-03 11:00:00+00:00, run_after=2026-04-03 11:05:00+00:00
[2026-04-03T11:02:59.087+0000] {processor.py:183} INFO - Processing /opt/airflow/dags/crypto_pipeline.py took 0.146 seconds
[2026-04-03T11:03:29.840+0000] {processor.py:161} INFO - Started process (PID=201) to work on /opt/airflow/dags/crypto_pipeline.py
[2026-04-03T11:03:29.841+0000] {processor.py:830} INFO - Processing file /opt/airflow/dags/crypto_pipeline.py for tasks to queue
[2026-04-03T11:03:29.841+0000] {logging_mixin.py:188} INFO - [2026-04-03T11:03:29.841+0000] {dagbag.py:538} INFO - Filling up the DagBag from /opt/airflow/dags/crypto_pipeline.py
[2026-04-03T11:03:29.854+0000] {processor.py:840} INFO - DAG(s) 'crypto_pipeline' retrieved from /opt/airflow/dags/crypto_pipeline.py
[2026-04-03T11:03:29.872+0000] {logging_mixin.py:188} INFO - [2026-04-03T11:03:29.872+0000] {dag.py:3036} INFO - Sync 1 DAGs
[2026-04-03T11:03:29.885+0000] {logging_mixin.py:188} INFO - [2026-04-03T11:03:29.885+0000] {dag.py:3823} INFO - Setting next_dagrun for crypto_pipeline to 2026-04-03 11:00:00+00:00, run_after=2026-04-03 11:05:00+00:00
[2026-04-03T11:03:29.896+0000] {processor.py:183} INFO - Processing /opt/airflow/dags/crypto_pipeline.py took 0.059 seconds
[2026-04-03T11:04:00.552+0000] {processor.py:161} INFO - Started process (PID=206) to work on /opt/airflow/dags/crypto_pipeline.py
[2026-04-03T11:04:00.553+0000] {processor.py:830} INFO - Processing file /opt/airflow/dags/crypto_pipeline.py for tasks to queue
[2026-04-03T11:04:00.553+0000] {logging_mixin.py:188} INFO - [2026-04-03T11:04:00.553+0000] {dagbag.py:538} INFO - Filling up the DagBag from /opt/airflow/dags/crypto_pipeline.py
[2026-04-03T11:04:00.566+0000] {processor.py:840} INFO - DAG(s) 'crypto_pipeline' retrieved from /opt/airflow/dags/crypto_pipeline.py
[2026-04-03T11:04:00.583+0000] {logging_mixin.py:188} INFO - [2026-04-03T11:04:00.583+0000] {dag.py:3036} INFO - Sync 1 DAGs
[2026-04-03T11:04:00.599+0000] {logging_mixin.py:188} INFO - [2026-04-03T11:04:00.599+0000] {dag.py:3823} INFO - Setting next_dagrun for crypto_pipeline to 2026-04-03 11:00:00+00:00, run_after=2026-04-03 11:05:00+00:00
[2026-04-03T11:04:00.613+0000] {processor.py:183} INFO - Processing /opt/airflow/dags/crypto_pipeline.py took 0.063 seconds
[2026-04-03T11:04:31.526+0000] {processor.py:161} INFO - Started process (PID=211) to work on /opt/airflow/dags/crypto_pipeline.py
[2026-04-03T11:04:31.526+0000] {processor.py:830} INFO - Processing file /opt/airflow/dags/crypto_pipeline.py for tasks to queue
[2026-04-03T11:04:31.527+0000] {logging_mixin.py:188} INFO - [2026-04-03T11:04:31.527+0000] {dagbag.py:538} INFO - Filling up the DagBag from /opt/airflow/dags/crypto_pipeline.py
[2026-04-03T11:04:31.539+0000] {processor.py:840} INFO - DAG(s) 'crypto_pipeline' retrieved from /opt/airflow/dags/crypto_pipeline.py
[2026-04-03T11:04:31.557+0000] {logging_mixin.py:188} INFO - [2026-04-03T11:04:31.557+0000] {dag.py:3036} INFO - Sync 1 DAGs
[2026-04-03T11:04:31.571+0000] {logging_mixin.py:188} INFO - [2026-04-03T11:04:31.571+0000] {dag.py:3823} INFO - Setting next_dagrun for crypto_pipeline to 2026-04-03 11:00:00+00:00, run_after=2026-04-03 11:05:00+00:00
[2026-04-03T11:04:31.586+0000] {processor.py:183} INFO - Processing /opt/airflow/dags/crypto_pipeline.py took 0.062 seconds
[2026-04-03T11:05:02.370+0000] {processor.py:161} INFO - Started process (PID=220) to work on /opt/airflow/dags/crypto_pipeline.py
[2026-04-03T11:05:02.371+0000] {processor.py:830} INFO - Processing file /opt/airflow/dags/crypto_pipeline.py for tasks to queue
[2026-04-03T11:05:02.371+0000] {logging_mixin.py:188} INFO - [2026-04-03T11:05:02.371+0000] {dagbag.py:538} INFO - Filling up the DagBag from /opt/airflow/dags/crypto_pipeline.py
[2026-04-03T11:05:02.382+0000] {processor.py:840} INFO - DAG(s) 'crypto_pipeline' retrieved from /opt/airflow/dags/crypto_pipeline.py
[2026-04-03T11:05:02.400+0000] {logging_mixin.py:188} INFO - [2026-04-03T11:05:02.400+0000] {dag.py:3036} INFO - Sync 1 DAGs
[2026-04-03T11:05:02.421+0000] {processor.py:183} INFO - Processing /opt/airflow/dags/crypto_pipeline.py took 0.052 seconds
[2026-04-03T11:05:33.253+0000] {processor.py:161} INFO - Started process (PID=225) to work on /opt/airflow/dags/crypto_pipeline.py
[2026-04-03T11:05:33.253+0000] {processor.py:830} INFO - Processing file /opt/airflow/dags/crypto_pipeline.py for tasks to queue
[2026-04-03T11:05:33.254+0000] {logging_mixin.py:188} INFO - [2026-04-03T11:05:33.254+0000] {dagbag.py:538} INFO - Filling up the DagBag from /opt/airflow/dags/crypto_pipeline.py
[2026-04-03T11:05:33.265+0000] {processor.py:840} INFO - DAG(s) 'crypto_pipeline' retrieved from /opt/airflow/dags/crypto_pipeline.py
[2026-04-03T11:05:33.283+0000] {logging_mixin.py:188} INFO - [2026-04-03T11:05:33.283+0000] {dag.py:3036} INFO - Sync 1 DAGs
[2026-04-03T11:05:33.309+0000] {processor.py:183} INFO - Processing /opt/airflow/dags/crypto_pipeline.py took 0.058 seconds
[2026-04-03T11:06:04.079+0000] {processor.py:161} INFO - Started process (PID=232) to work on /opt/airflow/dags/crypto_pipeline.py
[2026-04-03T11:06:04.080+0000] {processor.py:830} INFO - Processing file /opt/airflow/dags/crypto_pipeline.py for tasks to queue
[2026-04-03T11:06:04.080+0000] {logging_mixin.py:188} INFO - [2026-04-03T11:06:04.080+0000] {dagbag.py:538} INFO - Filling up the DagBag from /opt/airflow/dags/crypto_pipeline.py
[2026-04-03T11:06:04.093+0000] {processor.py:840} INFO - DAG(s) 'crypto_pipeline' retrieved from /opt/airflow/dags/crypto_pipeline.py
[2026-04-03T11:06:04.111+0000] {logging_mixin.py:188} INFO - [2026-04-03T11:06:04.111+0000] {dag.py:3036} INFO - Sync 1 DAGs
[2026-04-03T11:06:04.136+0000] {processor.py:183} INFO - Processing /opt/airflow/dags/crypto_pipeline.py took 0.059 seconds
[2026-04-03T11:06:34.955+0000] {processor.py:161} INFO - Started process (PID=239) to work on /opt/airflow/dags/crypto_pipeline.py
[2026-04-03T11:06:34.956+0000] {processor.py:830} INFO - Processing file /opt/airflow/dags/crypto_pipeline.py for tasks to queue
[2026-04-03T11:06:34.957+0000] {logging_mixin.py:188} INFO - [2026-04-03T11:06:34.956+0000] {dagbag.py:538} INFO - Filling up the DagBag from /opt/airflow/dags/crypto_pipeline.py
[2026-04-03T11:06:34.969+0000] {processor.py:840} INFO - DAG(s) 'crypto_pipeline' retrieved from /opt/airflow/dags/crypto_pipeline.py
[2026-04-03T11:06:34.987+0000] {logging_mixin.py:188} INFO - [2026-04-03T11:06:34.987+0000] {dag.py:3036} INFO - Sync 1 DAGs
[2026-04-03T11:06:35.002+0000] {logging_mixin.py:188} INFO - [2026-04-03T11:06:35.002+0000] {dag.py:3823} INFO - Setting next_dagrun for crypto_pipeline to 2026-04-03 11:05:00+00:00, run_after=2026-04-03 11:10:00+00:00
[2026-04-03T11:06:35.016+0000] {processor.py:183} INFO - Processing /opt/airflow/dags/crypto_pipeline.py took 0.062 seconds
[2026-04-03T11:07:05.699+0000] {processor.py:161} INFO - Started process (PID=244) to work on /opt/airflow/dags/crypto_pipeline.py
[2026-04-03T11:07:05.700+0000] {processor.py:830} INFO - Processing file /opt/airflow/dags/crypto_pipeline.py for tasks to queue
[2026-04-03T11:07:05.700+0000] {logging_mixin.py:188} INFO - [2026-04-03T11:07:05.700+0000] {dagbag.py:538} INFO - Filling up the DagBag from /opt/airflow/dags/crypto_pipeline.py
[2026-04-03T11:07:05.712+0000] {processor.py:840} INFO - DAG(s) 'crypto_pipeline' retrieved from /opt/airflow/dags/crypto_pipeline.py
[2026-04-03T11:07:05.730+0000] {logging_mixin.py:188} INFO - [2026-04-03T11:07:05.730+0000] {dag.py:3036} INFO - Sync 1 DAGs
[2026-04-03T11:07:05.743+0000] {logging_mixin.py:188} INFO - [2026-04-03T11:07:05.743+0000] {dag.py:3823} INFO - Setting next_dagrun for crypto_pipeline to 2026-04-03 11:05:00+00:00, run_after=2026-04-03 11:10:00+00:00
[2026-04-03T11:07:05.754+0000] {processor.py:183} INFO - Processing /opt/airflow/dags/crypto_pipeline.py took 0.057 seconds
[2026-04-03T11:07:57.210+0000] {processor.py:161} INFO - Started process (PID=191) to work on /opt/airflow/dags/crypto_pipeline.py
[2026-04-03T11:07:57.211+0000] {processor.py:830} INFO - Processing file /opt/airflow/dags/crypto_pipeline.py for tasks to queue
[2026-04-03T11:07:57.211+0000] {logging_mixin.py:188} INFO - [2026-04-03T11:07:57.211+0000] {dagbag.py:538} INFO - Filling up the DagBag from /opt/airflow/dags/crypto_pipeline.py
[2026-04-03T11:07:57.228+0000] {processor.py:840} INFO - DAG(s) 'crypto_pipeline' retrieved from /opt/airflow/dags/crypto_pipeline.py
[2026-04-03T11:07:57.340+0000] {logging_mixin.py:188} INFO - [2026-04-03T11:07:57.340+0000] {override.py:1769} INFO - Created Permission View: can edit on DAG:crypto_pipeline
[2026-04-03T11:07:57.346+0000] {logging_mixin.py:188} INFO - [2026-04-03T11:07:57.346+0000] {override.py:1769} INFO - Created Permission View: can delete on DAG:crypto_pipeline
[2026-04-03T11:07:57.351+0000] {logging_mixin.py:188} INFO - [2026-04-03T11:07:57.351+0000] {override.py:1769} INFO - Created Permission View: can read on DAG:crypto_pipeline
[2026-04-03T11:07:57.352+0000] {logging_mixin.py:188} INFO - [2026-04-03T11:07:57.351+0000] {dag.py:3036} INFO - Sync 1 DAGs
[2026-04-03T11:07:57.357+0000] {logging_mixin.py:188} INFO - [2026-04-03T11:07:57.357+0000] {dag.py:3058} INFO - Creating ORM DAG for crypto_pipeline
[2026-04-03T11:07:57.363+0000] {logging_mixin.py:188} INFO - [2026-04-03T11:07:57.363+0000] {dag.py:3823} INFO - Setting next_dagrun for crypto_pipeline to 2026-04-03 11:00:00+00:00, run_after=2026-04-03 11:05:00+00:00
[2026-04-03T11:07:57.376+0000] {processor.py:183} INFO - Processing /opt/airflow/dags/crypto_pipeline.py took 0.168 seconds
[2026-04-03T11:08:28.292+0000] {processor.py:161} INFO - Started process (PID=214) to work on /opt/airflow/dags/crypto_pipeline.py
[2026-04-03T11:08:28.292+0000] {processor.py:830} INFO - Processing file /opt/airflow/dags/crypto_pipeline.py for tasks to queue
[2026-04-03T11:08:28.293+0000] {logging_mixin.py:188} INFO - [2026-04-03T11:08:28.293+0000] {dagbag.py:538} INFO - Filling up the DagBag from /opt/airflow/dags/crypto_pipeline.py
[2026-04-03T11:08:28.308+0000] {processor.py:840} INFO - DAG(s) 'crypto_pipeline' retrieved from /opt/airflow/dags/crypto_pipeline.py
[2026-04-03T11:08:28.327+0000] {logging_mixin.py:188} INFO - [2026-04-03T11:08:28.327+0000] {dag.py:3036} INFO - Sync 1 DAGs
[2026-04-03T11:08:28.341+0000] {logging_mixin.py:188} INFO - [2026-04-03T11:08:28.341+0000] {dag.py:3823} INFO - Setting next_dagrun for crypto_pipeline to 2026-04-03 11:05:00+00:00, run_after=2026-04-03 11:10:00+00:00
[2026-04-03T11:08:28.353+0000] {processor.py:183} INFO - Processing /opt/airflow/dags/crypto_pipeline.py took 0.063 seconds
[2026-04-03T11:08:59.245+0000] {processor.py:161} INFO - Started process (PID=237) to work on /opt/airflow/dags/crypto_pipeline.py
[2026-04-03T11:08:59.245+0000] {processor.py:830} INFO - Processing file /opt/airflow/dags/crypto_pipeline.py for tasks to queue
[2026-04-03T11:08:59.246+0000] {logging_mixin.py:188} INFO - [2026-04-03T11:08:59.246+0000] {dagbag.py:538} INFO - Filling up the DagBag from /opt/airflow/dags/crypto_pipeline.py
[2026-04-03T11:08:59.258+0000] {processor.py:840} INFO - DAG(s) 'crypto_pipeline' retrieved from /opt/airflow/dags/crypto_pipeline.py
[2026-04-03T11:08:59.274+0000] {logging_mixin.py:188} INFO - [2026-04-03T11:08:59.274+0000] {dag.py:3036} INFO - Sync 1 DAGs
[2026-04-03T11:08:59.287+0000] {logging_mixin.py:188} INFO - [2026-04-03T11:08:59.287+0000] {dag.py:3823} INFO - Setting next_dagrun for crypto_pipeline to 2026-04-03 11:05:00+00:00, run_after=2026-04-03 11:10:00+00:00
[2026-04-03T11:08:59.298+0000] {processor.py:183} INFO - Processing /opt/airflow/dags/crypto_pipeline.py took 0.055 seconds
[2026-04-03T11:09:30.096+0000] {processor.py:161} INFO - Started process (PID=242) to work on /opt/airflow/dags/crypto_pipeline.py
[2026-04-03T11:09:30.096+0000] {processor.py:830} INFO - Processing file /opt/airflow/dags/crypto_pipeline.py for tasks to queue
[2026-04-03T11:09:30.097+0000] {logging_mixin.py:188} INFO - [2026-04-03T11:09:30.097+0000] {dagbag.py:538} INFO - Filling up the DagBag from /opt/airflow/dags/crypto_pipeline.py
[2026-04-03T11:09:30.109+0000] {processor.py:840} INFO - DAG(s) 'crypto_pipeline' retrieved from /opt/airflow/dags/crypto_pipeline.py
[2026-04-03T11:09:30.126+0000] {logging_mixin.py:188} INFO - [2026-04-03T11:09:30.126+0000] {dag.py:3036} INFO - Sync 1 DAGs
[2026-04-03T11:09:30.140+0000] {logging_mixin.py:188} INFO - [2026-04-03T11:09:30.139+0000] {dag.py:3823} INFO - Setting next_dagrun for crypto_pipeline to 2026-04-03 11:05:00+00:00, run_after=2026-04-03 11:10:00+00:00
[2026-04-03T11:09:30.150+0000] {processor.py:183} INFO - Processing /opt/airflow/dags/crypto_pipeline.py took 0.056 seconds
[2026-04-03T11:10:01.106+0000] {processor.py:161} INFO - Started process (PID=249) to work on /opt/airflow/dags/crypto_pipeline.py
[2026-04-03T11:10:01.106+0000] {processor.py:830} INFO - Processing file /opt/airflow/dags/crypto_pipeline.py for tasks to queue
[2026-04-03T11:10:01.107+0000] {logging_mixin.py:188} INFO - [2026-04-03T11:10:01.107+0000] {dagbag.py:538} INFO - Filling up the DagBag from /opt/airflow/dags/crypto_pipeline.py
[2026-04-03T11:10:01.120+0000] {processor.py:840} INFO - DAG(s) 'crypto_pipeline' retrieved from /opt/airflow/dags/crypto_pipeline.py
[2026-04-03T11:10:01.139+0000] {logging_mixin.py:188} INFO - [2026-04-03T11:10:01.139+0000] {dag.py:3036} INFO - Sync 1 DAGs
[2026-04-03T11:10:01.163+0000] {processor.py:183} INFO - Processing /opt/airflow/dags/crypto_pipeline.py took 0.059 seconds
[2026-04-03T11:10:31.565+0000] {processor.py:161} INFO - Started process (PID=270) to work on /opt/airflow/dags/crypto_pipeline.py
[2026-04-03T11:10:31.566+0000] {processor.py:830} INFO - Processing file /opt/airflow/dags/crypto_pipeline.py for tasks to queue
[2026-04-03T11:10:31.567+0000] {logging_mixin.py:188} INFO - [2026-04-03T11:10:31.567+0000] {dagbag.py:538} INFO - Filling up the DagBag from /opt/airflow/dags/crypto_pipeline.py
[2026-04-03T11:10:31.579+0000] {processor.py:840} INFO - DAG(s) 'crypto_pipeline' retrieved from /opt/airflow/dags/crypto_pipeline.py
[2026-04-03T11:10:31.596+0000] {logging_mixin.py:188} INFO - [2026-04-03T11:10:31.596+0000] {dag.py:3036} INFO - Sync 1 DAGs
[2026-04-03T11:10:31.609+0000] {logging_mixin.py:188} INFO - [2026-04-03T11:10:31.609+0000] {dag.py:3823} INFO - Setting next_dagrun for crypto_pipeline to 2026-04-03 11:10:00+00:00, run_after=2026-04-03 11:15:00+00:00
[2026-04-03T11:10:31.622+0000] {processor.py:183} INFO - Processing /opt/airflow/dags/crypto_pipeline.py took 0.059 seconds
[2026-04-03T11:11:01.980+0000] {processor.py:161} INFO - Started process (PID=275) to work on /opt/airflow/dags/crypto_pipeline.py
[2026-04-03T11:11:01.981+0000] {processor.py:830} INFO - Processing file /opt/airflow/dags/crypto_pipeline.py for tasks to queue
[2026-04-03T11:11:01.982+0000] {logging_mixin.py:188} INFO - [2026-04-03T11:11:01.982+0000] {dagbag.py:538} INFO - Filling up the DagBag from /opt/airflow/dags/crypto_pipeline.py
[2026-04-03T11:11:01.994+0000] {processor.py:840} INFO - DAG(s) 'crypto_pipeline' retrieved from /opt/airflow/dags/crypto_pipeline.py
[2026-04-03T11:11:02.013+0000] {logging_mixin.py:188} INFO - [2026-04-03T11:11:02.013+0000] {dag.py:3036} INFO - Sync 1 DAGs
[2026-04-03T11:11:02.028+0000] {logging_mixin.py:188} INFO - [2026-04-03T11:11:02.028+0000] {dag.py:3823} INFO - Setting next_dagrun for crypto_pipeline to 2026-04-03 11:10:00+00:00, run_after=2026-04-03 11:15:00+00:00
[2026-04-03T11:11:02.040+0000] {processor.py:183} INFO - Processing /opt/airflow/dags/crypto_pipeline.py took 0.062 seconds
[2026-04-03T11:11:32.721+0000] {processor.py:161} INFO - Started process (PID=280) to work on /opt/airflow/dags/crypto_pipeline.py
[2026-04-03T11:11:32.722+0000] {processor.py:830} INFO - Processing file /opt/airflow/dags/crypto_pipeline.py for tasks to queue
[2026-04-03T11:11:32.722+0000] {logging_mixin.py:188} INFO - [2026-04-03T11:11:32.722+0000] {dagbag.py:538} INFO - Filling up the DagBag from /opt/airflow/dags/crypto_pipeline.py
[2026-04-03T11:11:32.733+0000] {processor.py:840} INFO - DAG(s) 'crypto_pipeline' retrieved from /opt/airflow/dags/crypto_pipeline.py
[2026-04-03T11:11:32.749+0000] {logging_mixin.py:188} INFO - [2026-04-03T11:11:32.749+0000] {dag.py:3036} INFO - Sync 1 DAGs
[2026-04-03T11:11:32.761+0000] {logging_mixin.py:188} INFO - [2026-04-03T11:11:32.761+0000] {dag.py:3823} INFO - Setting next_dagrun for crypto_pipeline to 2026-04-03 11:10:00+00:00, run_after=2026-04-03 11:15:00+00:00
[2026-04-03T11:11:32.772+0000] {processor.py:183} INFO - Processing /opt/airflow/dags/crypto_pipeline.py took 0.052 seconds
[2026-04-03T11:12:03.472+0000] {processor.py:161} INFO - Started process (PID=285) to work on /opt/airflow/dags/crypto_pipeline.py
[2026-04-03T11:12:03.473+0000] {processor.py:830} INFO - Processing file /opt/airflow/dags/crypto_pipeline.py for tasks to queue
[2026-04-03T11:12:03.474+0000] {logging_mixin.py:188} INFO - [2026-04-03T11:12:03.473+0000] {dagbag.py:538} INFO - Filling up the DagBag from /opt/airflow/dags/crypto_pipeline.py
[2026-04-03T11:12:03.486+0000] {processor.py:840} INFO - DAG(s) 'crypto_pipeline' retrieved from /opt/airflow/dags/crypto_pipeline.py
[2026-04-03T11:12:03.503+0000] {logging_mixin.py:188} INFO - [2026-04-03T11:12:03.502+0000] {dag.py:3036} INFO - Sync 1 DAGs
[2026-04-03T11:12:03.516+0000] {logging_mixin.py:188} INFO - [2026-04-03T11:12:03.516+0000] {dag.py:3823} INFO - Setting next_dagrun for crypto_pipeline to 2026-04-03 11:10:00+00:00, run_after=2026-04-03 11:15:00+00:00
[2026-04-03T11:12:03.526+0000] {processor.py:183} INFO - Processing /opt/airflow/dags/crypto_pipeline.py took 0.056 seconds
[2026-04-03T11:12:34.222+0000] {processor.py:161} INFO - Started process (PID=290) to work on /opt/airflow/dags/crypto_pipeline.py
[2026-04-03T11:12:34.223+0000] {processor.py:830} INFO - Processing file /opt/airflow/dags/crypto_pipeline.py for tasks to queue
[2026-04-03T11:12:34.223+0000] {logging_mixin.py:188} INFO - [2026-04-03T11:12:34.223+0000] {dagbag.py:538} INFO - Filling up the DagBag from /opt/airflow/dags/crypto_pipeline.py
[2026-04-03T11:12:34.236+0000] {processor.py:840} INFO - DAG(s) 'crypto_pipeline' retrieved from /opt/airflow/dags/crypto_pipeline.py
[2026-04-03T11:12:34.254+0000] {logging_mixin.py:188} INFO - [2026-04-03T11:12:34.254+0000] {dag.py:3036} INFO - Sync 1 DAGs
[2026-04-03T11:12:34.269+0000] {logging_mixin.py:188} INFO - [2026-04-03T11:12:34.269+0000] {dag.py:3823} INFO - Setting next_dagrun for crypto_pipeline to 2026-04-03 11:10:00+00:00, run_after=2026-04-03 11:15:00+00:00
[2026-04-03T11:12:34.286+0000] {processor.py:183} INFO - Processing /opt/airflow/dags/crypto_pipeline.py took 0.066 seconds
[2026-04-03T11:13:04.982+0000] {processor.py:161} INFO - Started process (PID=295) to work on /opt/airflow/dags/crypto_pipeline.py
[2026-04-03T11:13:04.983+0000] {processor.py:830} INFO - Processing file /opt/airflow/dags/crypto_pipeline.py for tasks to queue
[2026-04-03T11:13:04.984+0000] {logging_mixin.py:188} INFO - [2026-04-03T11:13:04.983+0000] {dagbag.py:538} INFO - Filling up the DagBag from /opt/airflow/dags/crypto_pipeline.py
[2026-04-03T11:13:04.996+0000] {processor.py:840} INFO - DAG(s) 'crypto_pipeline' retrieved from /opt/airflow/dags/crypto_pipeline.py
[2026-04-03T11:13:05.013+0000] {logging_mixin.py:188} INFO - [2026-04-03T11:13:05.013+0000] {dag.py:3036} INFO - Sync 1 DAGs
[2026-04-03T11:13:05.026+0000] {logging_mixin.py:188} INFO - [2026-04-03T11:13:05.026+0000] {dag.py:3823} INFO - Setting next_dagrun for crypto_pipeline to 2026-04-03 11:10:00+00:00, run_after=2026-04-03 11:15:00+00:00
[2026-04-03T11:13:05.040+0000] {processor.py:183} INFO - Processing /opt/airflow/dags/crypto_pipeline.py took 0.059 seconds
[2026-04-03T11:13:35.733+0000] {processor.py:161} INFO - Started process (PID=300) to work on /opt/airflow/dags/crypto_pipeline.py
[2026-04-03T11:13:35.733+0000] {processor.py:830} INFO - Processing file /opt/airflow/dags/crypto_pipeline.py for tasks to queue
[2026-04-03T11:13:35.734+0000] {logging_mixin.py:188} INFO - [2026-04-03T11:13:35.734+0000] {dagbag.py:538} INFO - Filling up the DagBag from /opt/airflow/dags/crypto_pipeline.py
[2026-04-03T11:13:35.745+0000] {processor.py:840} INFO - DAG(s) 'crypto_pipeline' retrieved from /opt/airflow/dags/crypto_pipeline.py
[2026-04-03T11:13:35.763+0000] {logging_mixin.py:188} INFO - [2026-04-03T11:13:35.763+0000] {dag.py:3036} INFO - Sync 1 DAGs
[2026-04-03T11:13:35.777+0000] {logging_mixin.py:188} INFO - [2026-04-03T11:13:35.777+0000] {dag.py:3823} INFO - Setting next_dagrun for crypto_pipeline to 2026-04-03 11:10:00+00:00, run_after=2026-04-03 11:15:00+00:00
[2026-04-03T11:13:35.791+0000] {processor.py:183} INFO - Processing /opt/airflow/dags/crypto_pipeline.py took 0.060 seconds
[2026-04-03T11:14:06.487+0000] {processor.py:161} INFO - Started process (PID=305) to work on /opt/airflow/dags/crypto_pipeline.py
[2026-04-03T11:14:06.488+0000] {processor.py:830} INFO - Processing file /opt/airflow/dags/crypto_pipeline.py for tasks to queue
[2026-04-03T11:14:06.488+0000] {logging_mixin.py:188} INFO - [2026-04-03T11:14:06.488+0000] {dagbag.py:538} INFO - Filling up the DagBag from /opt/airflow/dags/crypto_pipeline.py
[2026-04-03T11:14:06.501+0000] {processor.py:840} INFO - DAG(s) 'crypto_pipeline' retrieved from /opt/airflow/dags/crypto_pipeline.py
[2026-04-03T11:14:06.520+0000] {logging_mixin.py:188} INFO - [2026-04-03T11:14:06.520+0000] {dag.py:3036} INFO - Sync 1 DAGs
[2026-04-03T11:14:06.534+0000] {logging_mixin.py:188} INFO - [2026-04-03T11:14:06.534+0000] {dag.py:3823} INFO - Setting next_dagrun for crypto_pipeline to 2026-04-03 11:10:00+00:00, run_after=2026-04-03 11:15:00+00:00
[2026-04-03T11:14:06.545+0000] {processor.py:183} INFO - Processing /opt/airflow/dags/crypto_pipeline.py took 0.060 seconds
[2026-04-03T11:14:37.256+0000] {processor.py:161} INFO - Started process (PID=310) to work on /opt/airflow/dags/crypto_pipeline.py
[2026-04-03T11:14:37.256+0000] {processor.py:830} INFO - Processing file /opt/airflow/dags/crypto_pipeline.py for tasks to queue
[2026-04-03T11:14:37.257+0000] {logging_mixin.py:188} INFO - [2026-04-03T11:14:37.257+0000] {dagbag.py:538} INFO - Filling up the DagBag from /opt/airflow/dags/crypto_pipeline.py
[2026-04-03T11:14:37.269+0000] {processor.py:840} INFO - DAG(s) 'crypto_pipeline' retrieved from /opt/airflow/dags/crypto_pipeline.py
[2026-04-03T11:14:37.287+0000] {logging_mixin.py:188} INFO - [2026-04-03T11:14:37.287+0000] {dag.py:3036} INFO - Sync 1 DAGs
[2026-04-03T11:14:37.299+0000] {logging_mixin.py:188} INFO - [2026-04-03T11:14:37.299+0000] {dag.py:3823} INFO - Setting next_dagrun for crypto_pipeline to 2026-04-03 11:10:00+00:00, run_after=2026-04-03 11:15:00+00:00
[2026-04-03T11:14:37.310+0000] {processor.py:183} INFO - Processing /opt/airflow/dags/crypto_pipeline.py took 0.056 seconds
[2026-04-03T11:15:07.992+0000] {processor.py:161} INFO - Started process (PID=333) to work on /opt/airflow/dags/crypto_pipeline.py
[2026-04-03T11:15:07.993+0000] {processor.py:830} INFO - Processing file /opt/airflow/dags/crypto_pipeline.py for tasks to queue
[2026-04-03T11:15:07.994+0000] {logging_mixin.py:188} INFO - [2026-04-03T11:15:07.994+0000] {dagbag.py:538} INFO - Filling up the DagBag from /opt/airflow/dags/crypto_pipeline.py
[2026-04-03T11:15:08.007+0000] {processor.py:840} INFO - DAG(s) 'crypto_pipeline' retrieved from /opt/airflow/dags/crypto_pipeline.py
[2026-04-03T11:15:08.025+0000] {logging_mixin.py:188} INFO - [2026-04-03T11:15:08.025+0000] {dag.py:3036} INFO - Sync 1 DAGs
[2026-04-03T11:15:08.047+0000] {processor.py:183} INFO - Processing /opt/airflow/dags/crypto_pipeline.py took 0.057 seconds
[2026-04-03T11:15:38.729+0000] {processor.py:161} INFO - Started process (PID=338) to work on /opt/airflow/dags/crypto_pipeline.py
[2026-04-03T11:15:38.729+0000] {processor.py:830} INFO - Processing file /opt/airflow/dags/crypto_pipeline.py for tasks to queue
[2026-04-03T11:15:38.730+0000] {logging_mixin.py:188} INFO - [2026-04-03T11:15:38.730+0000] {dagbag.py:538} INFO - Filling up the DagBag from /opt/airflow/dags/crypto_pipeline.py
[2026-04-03T11:15:38.742+0000] {processor.py:840} INFO - DAG(s) 'crypto_pipeline' retrieved from /opt/airflow/dags/crypto_pipeline.py
[2026-04-03T11:15:38.758+0000] {logging_mixin.py:188} INFO - [2026-04-03T11:15:38.758+0000] {dag.py:3036} INFO - Sync 1 DAGs
[2026-04-03T11:15:38.771+0000] {logging_mixin.py:188} INFO - [2026-04-03T11:15:38.771+0000] {dag.py:3823} INFO - Setting next_dagrun for crypto_pipeline to 2026-04-03 11:15:00+00:00, run_after=2026-04-03 11:20:00+00:00
[2026-04-03T11:15:38.783+0000] {processor.py:183} INFO - Processing /opt/airflow/dags/crypto_pipeline.py took 0.056 seconds
[2026-04-03T11:16:09.463+0000] {processor.py:161} INFO - Started process (PID=343) to work on /opt/airflow/dags/crypto_pipeline.py
[2026-04-03T11:16:09.463+0000] {processor.py:830} INFO - Processing file /opt/airflow/dags/crypto_pipeline.py for tasks to queue
[2026-04-03T11:16:09.464+0000] {logging_mixin.py:188} INFO - [2026-04-03T11:16:09.464+0000] {dagbag.py:538} INFO - Filling up the DagBag from /opt/airflow/dags/crypto_pipeline.py
[2026-04-03T11:16:09.479+0000] {processor.py:840} INFO - DAG(s) 'crypto_pipeline' retrieved from /opt/airflow/dags/crypto_pipeline.py
[2026-04-03T11:16:09.496+0000] {logging_mixin.py:188} INFO - [2026-04-03T11:16:09.496+0000] {dag.py:3036} INFO - Sync 1 DAGs
[2026-04-03T11:16:09.509+0000] {logging_mixin.py:188} INFO - [2026-04-03T11:16:09.509+0000] {dag.py:3823} INFO - Setting next_dagrun for crypto_pipeline to 2026-04-03 11:15:00+00:00, run_after=2026-04-03 11:20:00+00:00
[2026-04-03T11:16:09.522+0000] {processor.py:183} INFO - Processing /opt/airflow/dags/crypto_pipeline.py took 0.062 seconds
[2026-04-03T11:16:40.215+0000] {processor.py:161} INFO - Started process (PID=348) to work on /opt/airflow/dags/crypto_pipeline.py
[2026-04-03T11:16:40.216+0000] {processor.py:830} INFO - Processing file /opt/airflow/dags/crypto_pipeline.py for tasks to queue
[2026-04-03T11:16:40.217+0000] {logging_mixin.py:188} INFO - [2026-04-03T11:16:40.217+0000] {dagbag.py:538} INFO - Filling up the DagBag from /opt/airflow/dags/crypto_pipeline.py
[2026-04-03T11:16:40.229+0000] {processor.py:840} INFO - DAG(s) 'crypto_pipeline' retrieved from /opt/airflow/dags/crypto_pipeline.py
[2026-04-03T11:16:40.247+0000] {logging_mixin.py:188} INFO - [2026-04-03T11:16:40.247+0000] {dag.py:3036} INFO - Sync 1 DAGs
[2026-04-03T11:16:40.262+0000] {logging_mixin.py:188} INFO - [2026-04-03T11:16:40.262+0000] {dag.py:3823} INFO - Setting next_dagrun for crypto_pipeline to 2026-04-03 11:15:00+00:00, run_after=2026-04-03 11:20:00+00:00
[2026-04-03T11:16:40.274+0000] {processor.py:183} INFO - Processing /opt/airflow/dags/crypto_pipeline.py took 0.061 seconds
[2026-04-03T11:17:10.962+0000] {processor.py:161} INFO - Started process (PID=353) to work on /opt/airflow/dags/crypto_pipeline.py
[2026-04-03T11:17:10.962+0000] {processor.py:830} INFO - Processing file /opt/airflow/dags/crypto_pipeline.py for tasks to queue
[2026-04-03T11:17:10.963+0000] {logging_mixin.py:188} INFO - [2026-04-03T11:17:10.963+0000] {dagbag.py:538} INFO - Filling up the DagBag from /opt/airflow/dags/crypto_pipeline.py
[2026-04-03T11:17:10.975+0000] {processor.py:840} INFO - DAG(s) 'crypto_pipeline' retrieved from /opt/airflow/dags/crypto_pipeline.py
[2026-04-03T11:17:10.993+0000] {logging_mixin.py:188} INFO - [2026-04-03T11:17:10.993+0000] {dag.py:3036} INFO - Sync 1 DAGs
[2026-04-03T11:17:11.008+0000] {logging_mixin.py:188} INFO - [2026-04-03T11:17:11.008+0000] {dag.py:3823} INFO - Setting next_dagrun for crypto_pipeline to 2026-04-03 11:15:00+00:00, run_after=2026-04-03 11:20:00+00:00
[2026-04-03T11:17:11.021+0000] {processor.py:183} INFO - Processing /opt/airflow/dags/crypto_pipeline.py took 0.061 seconds
[2026-04-03T11:17:41.255+0000] {processor.py:161} INFO - Started process (PID=358) to work on /opt/airflow/dags/crypto_pipeline.py
[2026-04-03T11:17:41.255+0000] {processor.py:830} INFO - Processing file /opt/airflow/dags/crypto_pipeline.py for tasks to queue
[2026-04-03T11:17:41.256+0000] {logging_mixin.py:188} INFO - [2026-04-03T11:17:41.256+0000] {dagbag.py:538} INFO - Filling up the DagBag from /opt/airflow/dags/crypto_pipeline.py
[2026-04-03T11:17:41.270+0000] {processor.py:840} INFO - DAG(s) 'crypto_pipeline' retrieved from /opt/airflow/dags/crypto_pipeline.py
[2026-04-03T11:17:41.288+0000] {logging_mixin.py:188} INFO - [2026-04-03T11:17:41.288+0000] {dag.py:3036} INFO - Sync 1 DAGs
[2026-04-03T11:17:41.302+0000] {logging_mixin.py:188} INFO - [2026-04-03T11:17:41.302+0000] {dag.py:3823} INFO - Setting next_dagrun for crypto_pipeline to 2026-04-03 11:15:00+00:00, run_after=2026-04-03 11:20:00+00:00
[2026-04-03T11:17:41.317+0000] {processor.py:183} INFO - Processing /opt/airflow/dags/crypto_pipeline.py took 0.064 seconds
[2026-04-03T11:18:11.999+0000] {processor.py:161} INFO - Started process (PID=363) to work on /opt/airflow/dags/crypto_pipeline.py
[2026-04-03T11:18:12.000+0000] {processor.py:830} INFO - Processing file /opt/airflow/dags/crypto_pipeline.py for tasks to queue
[2026-04-03T11:18:12.001+0000] {logging_mixin.py:188} INFO - [2026-04-03T11:18:12.000+0000] {dagbag.py:538} INFO - Filling up the DagBag from /opt/airflow/dags/crypto_pipeline.py
[2026-04-03T11:18:12.013+0000] {processor.py:840} INFO - DAG(s) 'crypto_pipeline' retrieved from /opt/airflow/dags/crypto_pipeline.py
[2026-04-03T11:18:12.032+0000] {logging_mixin.py:188} INFO - [2026-04-03T11:18:12.032+0000] {dag.py:3036} INFO - Sync 1 DAGs
[2026-04-03T11:18:12.047+0000] {logging_mixin.py:188} INFO - [2026-04-03T11:18:12.047+0000] {dag.py:3823} INFO - Setting next_dagrun for crypto_pipeline to 2026-04-03 11:15:00+00:00, run_after=2026-04-03 11:20:00+00:00
[2026-04-03T11:18:12.062+0000] {processor.py:183} INFO - Processing /opt/airflow/dags/crypto_pipeline.py took 0.064 seconds
[2026-04-03T22:18:52.615+0000] {processor.py:161} INFO - Started process (PID=191) to work on /opt/airflow/dags/crypto_pipeline.py
[2026-04-03T22:18:52.615+0000] {processor.py:830} INFO - Processing file /opt/airflow/dags/crypto_pipeline.py for tasks to queue
[2026-04-03T22:18:52.616+0000] {logging_mixin.py:188} INFO - [2026-04-03T22:18:52.616+0000] {dagbag.py:538} INFO - Filling up the DagBag from /opt/airflow/dags/crypto_pipeline.py
[2026-04-03T22:18:52.632+0000] {processor.py:840} INFO - DAG(s) 'crypto_pipeline' retrieved from /opt/airflow/dags/crypto_pipeline.py
[2026-04-03T22:18:52.747+0000] {logging_mixin.py:188} INFO - [2026-04-03T22:18:52.747+0000] {override.py:1769} INFO - Created Permission View: can edit on DAG:crypto_pipeline
[2026-04-03T22:18:52.753+0000] {logging_mixin.py:188} INFO - [2026-04-03T22:18:52.752+0000] {override.py:1769} INFO - Created Permission View: can read on DAG:crypto_pipeline
[2026-04-03T22:18:52.757+0000] {logging_mixin.py:188} INFO - [2026-04-03T22:18:52.757+0000] {override.py:1769} INFO - Created Permission View: can delete on DAG:crypto_pipeline
[2026-04-03T22:18:52.758+0000] {logging_mixin.py:188} INFO - [2026-04-03T22:18:52.758+0000] {dag.py:3036} INFO - Sync 1 DAGs
[2026-04-03T22:18:52.764+0000] {logging_mixin.py:188} INFO - [2026-04-03T22:18:52.764+0000] {dag.py:3058} INFO - Creating ORM DAG for crypto_pipeline
[2026-04-03T22:18:52.770+0000] {logging_mixin.py:188} INFO - [2026-04-03T22:18:52.770+0000] {dag.py:3823} INFO - Setting next_dagrun for crypto_pipeline to 2026-04-03 22:10:00+00:00, run_after=2026-04-03 22:15:00+00:00
[2026-04-03T22:18:52.784+0000] {processor.py:183} INFO - Processing /opt/airflow/dags/crypto_pipeline.py took 0.172 seconds
[2026-04-03T22:19:23.669+0000] {processor.py:161} INFO - Started process (PID=202) to work on /opt/airflow/dags/crypto_pipeline.py
[2026-04-03T22:19:23.670+0000] {processor.py:830} INFO - Processing file /opt/airflow/dags/crypto_pipeline.py for tasks to queue
[2026-04-03T22:19:23.671+0000] {logging_mixin.py:188} INFO - [2026-04-03T22:19:23.670+0000] {dagbag.py:538} INFO - Filling up the DagBag from /opt/airflow/dags/crypto_pipeline.py
[2026-04-03T22:19:23.684+0000] {processor.py:840} INFO - DAG(s) 'crypto_pipeline' retrieved from /opt/airflow/dags/crypto_pipeline.py
[2026-04-03T22:19:23.704+0000] {logging_mixin.py:188} INFO - [2026-04-03T22:19:23.704+0000] {dag.py:3036} INFO - Sync 1 DAGs
[2026-04-03T22:19:23.730+0000] {processor.py:183} INFO - Processing /opt/airflow/dags/crypto_pipeline.py took 0.063 seconds
[2026-04-03T22:19:54.016+0000] {processor.py:161} INFO - Started process (PID=221) to work on /opt/airflow/dags/crypto_pipeline.py
[2026-04-03T22:19:54.017+0000] {processor.py:830} INFO - Processing file /opt/airflow/dags/crypto_pipeline.py for tasks to queue
[2026-04-03T22:19:54.017+0000] {logging_mixin.py:188} INFO - [2026-04-03T22:19:54.017+0000] {dagbag.py:538} INFO - Filling up the DagBag from /opt/airflow/dags/crypto_pipeline.py
[2026-04-03T22:19:54.029+0000] {processor.py:840} INFO - DAG(s) 'crypto_pipeline' retrieved from /opt/airflow/dags/crypto_pipeline.py
[2026-04-03T22:19:54.046+0000] {logging_mixin.py:188} INFO - [2026-04-03T22:19:54.046+0000] {dag.py:3036} INFO - Sync 1 DAGs
[2026-04-03T22:19:54.060+0000] {logging_mixin.py:188} INFO - [2026-04-03T22:19:54.060+0000] {dag.py:3823} INFO - Setting next_dagrun for crypto_pipeline to 2026-04-03 22:15:00+00:00, run_after=2026-04-03 22:20:00+00:00
[2026-04-03T22:19:54.072+0000] {processor.py:183} INFO - Processing /opt/airflow/dags/crypto_pipeline.py took 0.057 seconds
[2026-04-03T22:20:24.300+0000] {processor.py:161} INFO - Started process (PID=244) to work on /opt/airflow/dags/crypto_pipeline.py
[2026-04-03T22:20:24.301+0000] {processor.py:830} INFO - Processing file /opt/airflow/dags/crypto_pipeline.py for tasks to queue
[2026-04-03T22:20:24.301+0000] {logging_mixin.py:188} INFO - [2026-04-03T22:20:24.301+0000] {dagbag.py:538} INFO - Filling up the DagBag from /opt/airflow/dags/crypto_pipeline.py
[2026-04-03T22:20:24.336+0000] {processor.py:840} INFO - DAG(s) 'crypto_pipeline' retrieved from /opt/airflow/dags/crypto_pipeline.py
[2026-04-03T22:20:24.355+0000] {logging_mixin.py:188} INFO - [2026-04-03T22:20:24.355+0000] {dag.py:3036} INFO - Sync 1 DAGs
[2026-04-03T22:20:24.370+0000] {logging_mixin.py:188} INFO - [2026-04-03T22:20:24.370+0000] {dag.py:3823} INFO - Setting next_dagrun for crypto_pipeline to 2026-04-03 22:20:00+00:00, run_after=2026-04-03 22:25:00+00:00
[2026-04-03T22:20:24.381+0000] {processor.py:183} INFO - Processing /opt/airflow/dags/crypto_pipeline.py took 0.083 seconds
[2026-04-03T22:20:54.475+0000] {processor.py:161} INFO - Started process (PID=249) to work on /opt/airflow/dags/crypto_pipeline.py
[2026-04-03T22:20:54.476+0000] {processor.py:830} INFO - Processing file /opt/airflow/dags/crypto_pipeline.py for tasks to queue
[2026-04-03T22:20:54.476+0000] {logging_mixin.py:188} INFO - [2026-04-03T22:20:54.476+0000] {dagbag.py:538} INFO - Filling up the DagBag from /opt/airflow/dags/crypto_pipeline.py
[2026-04-03T22:20:54.489+0000] {processor.py:840} INFO - DAG(s) 'crypto_pipeline' retrieved from /opt/airflow/dags/crypto_pipeline.py
[2026-04-03T22:20:54.507+0000] {logging_mixin.py:188} INFO - [2026-04-03T22:20:54.507+0000] {dag.py:3036} INFO - Sync 1 DAGs
[2026-04-03T22:20:54.522+0000] {logging_mixin.py:188} INFO - [2026-04-03T22:20:54.522+0000] {dag.py:3823} INFO - Setting next_dagrun for crypto_pipeline to 2026-04-03 22:20:00+00:00, run_after=2026-04-03 22:25:00+00:00
[2026-04-03T22:20:54.537+0000] {processor.py:183} INFO - Processing /opt/airflow/dags/crypto_pipeline.py took 0.064 seconds
[2026-04-03T22:21:24.614+0000] {processor.py:161} INFO - Started process (PID=254) to work on /opt/airflow/dags/crypto_pipeline.py
[2026-04-03T22:21:24.614+0000] {processor.py:830} INFO - Processing file /opt/airflow/dags/crypto_pipeline.py for tasks to queue
[2026-04-03T22:21:24.615+0000] {logging_mixin.py:188} INFO - [2026-04-03T22:21:24.615+0000] {dagbag.py:538} INFO - Filling up the DagBag from /opt/airflow/dags/crypto_pipeline.py
[2026-04-03T22:21:24.629+0000] {processor.py:840} INFO - DAG(s) 'crypto_pipeline' retrieved from /opt/airflow/dags/crypto_pipeline.py
[2026-04-03T22:21:24.649+0000] {logging_mixin.py:188} INFO - [2026-04-03T22:21:24.649+0000] {dag.py:3036} INFO - Sync 1 DAGs
[2026-04-03T22:21:24.664+0000] {logging_mixin.py:188} INFO - [2026-04-03T22:21:24.663+0000] {dag.py:3823} INFO - Setting next_dagrun for crypto_pipeline to 2026-04-03 22:20:00+00:00, run_after=2026-04-03 22:25:00+00:00
[2026-04-03T22:21:24.675+0000] {processor.py:183} INFO - Processing /opt/airflow/dags/crypto_pipeline.py took 0.064 seconds
[2026-04-03T22:21:55.626+0000] {processor.py:161} INFO - Started process (PID=259) to work on /opt/airflow/dags/crypto_pipeline.py
[2026-04-03T22:21:55.627+0000] {processor.py:830} INFO - Processing file /opt/airflow/dags/crypto_pipeline.py for tasks to queue
[2026-04-03T22:21:55.628+0000] {logging_mixin.py:188} INFO - [2026-04-03T22:21:55.628+0000] {dagbag.py:538} INFO - Filling up the DagBag from /opt/airflow/dags/crypto_pipeline.py
[2026-04-03T22:21:55.641+0000] {processor.py:840} INFO - DAG(s) 'crypto_pipeline' retrieved from /opt/airflow/dags/crypto_pipeline.py
[2026-04-03T22:21:55.661+0000] {logging_mixin.py:188} INFO - [2026-04-03T22:21:55.661+0000] {dag.py:3036} INFO - Sync 1 DAGs
[2026-04-03T22:21:55.676+0000] {logging_mixin.py:188} INFO - [2026-04-03T22:21:55.676+0000] {dag.py:3823} INFO - Setting next_dagrun for crypto_pipeline to 2026-04-03 22:20:00+00:00, run_after=2026-04-03 22:25:00+00:00
[2026-04-03T22:21:55.686+0000] {processor.py:183} INFO - Processing /opt/airflow/dags/crypto_pipeline.py took 0.062 seconds
[2026-04-03T22:22:25.820+0000] {processor.py:161} INFO - Started process (PID=264) to work on /opt/airflow/dags/crypto_pipeline.py
[2026-04-03T22:22:25.821+0000] {processor.py:830} INFO - Processing file /opt/airflow/dags/crypto_pipeline.py for tasks to queue
[2026-04-03T22:22:25.822+0000] {logging_mixin.py:188} INFO - [2026-04-03T22:22:25.821+0000] {dagbag.py:538} INFO - Filling up the DagBag from /opt/airflow/dags/crypto_pipeline.py
[2026-04-03T22:22:25.834+0000] {processor.py:840} INFO - DAG(s) 'crypto_pipeline' retrieved from /opt/airflow/dags/crypto_pipeline.py
[2026-04-03T22:22:25.851+0000] {logging_mixin.py:188} INFO - [2026-04-03T22:22:25.851+0000] {dag.py:3036} INFO - Sync 1 DAGs
[2026-04-03T22:22:25.864+0000] {logging_mixin.py:188} INFO - [2026-04-03T22:22:25.864+0000] {dag.py:3823} INFO - Setting next_dagrun for crypto_pipeline to 2026-04-03 22:20:00+00:00, run_after=2026-04-03 22:25:00+00:00
[2026-04-03T22:22:25.875+0000] {processor.py:183} INFO - Processing /opt/airflow/dags/crypto_pipeline.py took 0.057 seconds
[2026-04-03T22:22:56.791+0000] {processor.py:161} INFO - Started process (PID=269) to work on /opt/airflow/dags/crypto_pipeline.py
[2026-04-03T22:22:56.792+0000] {processor.py:830} INFO - Processing file /opt/airflow/dags/crypto_pipeline.py for tasks to queue
[2026-04-03T22:22:56.792+0000] {logging_mixin.py:188} INFO - [2026-04-03T22:22:56.792+0000] {dagbag.py:538} INFO - Filling up the DagBag from /opt/airflow/dags/crypto_pipeline.py
[2026-04-03T22:22:56.804+0000] {processor.py:840} INFO - DAG(s) 'crypto_pipeline' retrieved from /opt/airflow/dags/crypto_pipeline.py
[2026-04-03T22:22:56.823+0000] {logging_mixin.py:188} INFO - [2026-04-03T22:22:56.822+0000] {dag.py:3036} INFO - Sync 1 DAGs
[2026-04-03T22:22:56.838+0000] {logging_mixin.py:188} INFO - [2026-04-03T22:22:56.837+0000] {dag.py:3823} INFO - Setting next_dagrun for crypto_pipeline to 2026-04-03 22:20:00+00:00, run_after=2026-04-03 22:25:00+00:00
[2026-04-03T22:22:56.849+0000] {processor.py:183} INFO - Processing /opt/airflow/dags/crypto_pipeline.py took 0.060 seconds
[2026-04-03T22:23:26.959+0000] {processor.py:161} INFO - Started process (PID=274) to work on /opt/airflow/dags/crypto_pipeline.py
[2026-04-03T22:23:26.960+0000] {processor.py:830} INFO - Processing file /opt/airflow/dags/crypto_pipeline.py for tasks to queue
[2026-04-03T22:23:26.960+0000] {logging_mixin.py:188} INFO - [2026-04-03T22:23:26.960+0000] {dagbag.py:538} INFO - Filling up the DagBag from /opt/airflow/dags/crypto_pipeline.py
[2026-04-03T22:23:26.972+0000] {processor.py:840} INFO - DAG(s) 'crypto_pipeline' retrieved from /opt/airflow/dags/crypto_pipeline.py
[2026-04-03T22:23:26.987+0000] {logging_mixin.py:188} INFO - [2026-04-03T22:23:26.987+0000] {dag.py:3036} INFO - Sync 1 DAGs
[2026-04-03T22:23:27.000+0000] {logging_mixin.py:188} INFO - [2026-04-03T22:23:27.000+0000] {dag.py:3823} INFO - Setting next_dagrun for crypto_pipeline to 2026-04-03 22:20:00+00:00, run_after=2026-04-03 22:25:00+00:00
[2026-04-03T22:23:27.010+0000] {processor.py:183} INFO - Processing /opt/airflow/dags/crypto_pipeline.py took 0.053 seconds
[2026-04-03T22:23:57.914+0000] {processor.py:161} INFO - Started process (PID=279) to work on /opt/airflow/dags/crypto_pipeline.py
[2026-04-03T22:23:57.914+0000] {processor.py:830} INFO - Processing file /opt/airflow/dags/crypto_pipeline.py for tasks to queue
[2026-04-03T22:23:57.915+0000] {logging_mixin.py:188} INFO - [2026-04-03T22:23:57.915+0000] {dagbag.py:538} INFO - Filling up the DagBag from /opt/airflow/dags/crypto_pipeline.py
[2026-04-03T22:23:57.927+0000] {processor.py:840} INFO - DAG(s) 'crypto_pipeline' retrieved from /opt/airflow/dags/crypto_pipeline.py
[2026-04-03T22:23:57.943+0000] {logging_mixin.py:188} INFO - [2026-04-03T22:23:57.943+0000] {dag.py:3036} INFO - Sync 1 DAGs
[2026-04-03T22:23:57.957+0000] {logging_mixin.py:188} INFO - [2026-04-03T22:23:57.957+0000] {dag.py:3823} INFO - Setting next_dagrun for crypto_pipeline to 2026-04-03 22:20:00+00:00, run_after=2026-04-03 22:25:00+00:00
[2026-04-03T22:23:57.970+0000] {processor.py:183} INFO - Processing /opt/airflow/dags/crypto_pipeline.py took 0.058 seconds
[2026-04-03T22:24:28.221+0000] {processor.py:161} INFO - Started process (PID=284) to work on /opt/airflow/dags/crypto_pipeline.py
[2026-04-03T22:24:28.221+0000] {processor.py:830} INFO - Processing file /opt/airflow/dags/crypto_pipeline.py for tasks to queue
[2026-04-03T22:24:28.222+0000] {logging_mixin.py:188} INFO - [2026-04-03T22:24:28.222+0000] {dagbag.py:538} INFO - Filling up the DagBag from /opt/airflow/dags/crypto_pipeline.py
[2026-04-03T22:24:28.257+0000] {processor.py:840} INFO - DAG(s) 'crypto_pipeline' retrieved from /opt/airflow/dags/crypto_pipeline.py
[2026-04-03T22:24:28.277+0000] {logging_mixin.py:188} INFO - [2026-04-03T22:24:28.277+0000] {dag.py:3036} INFO - Sync 1 DAGs
[2026-04-03T22:24:28.293+0000] {logging_mixin.py:188} INFO - [2026-04-03T22:24:28.293+0000] {dag.py:3823} INFO - Setting next_dagrun for crypto_pipeline to 2026-04-03 22:20:00+00:00, run_after=2026-04-03 22:25:00+00:00
[2026-04-03T22:24:28.306+0000] {processor.py:183} INFO - Processing /opt/airflow/dags/crypto_pipeline.py took 0.087 seconds
[2026-04-03T22:24:58.361+0000] {processor.py:161} INFO - Started process (PID=289) to work on /opt/airflow/dags/crypto_pipeline.py
[2026-04-03T22:24:58.362+0000] {processor.py:830} INFO - Processing file /opt/airflow/dags/crypto_pipeline.py for tasks to queue
[2026-04-03T22:24:58.362+0000] {logging_mixin.py:188} INFO - [2026-04-03T22:24:58.362+0000] {dagbag.py:538} INFO - Filling up the DagBag from /opt/airflow/dags/crypto_pipeline.py
[2026-04-03T22:24:58.376+0000] {processor.py:840} INFO - DAG(s) 'crypto_pipeline' retrieved from /opt/airflow/dags/crypto_pipeline.py
[2026-04-03T22:24:58.394+0000] {logging_mixin.py:188} INFO - [2026-04-03T22:24:58.394+0000] {dag.py:3036} INFO - Sync 1 DAGs
[2026-04-03T22:24:58.407+0000] {logging_mixin.py:188} INFO - [2026-04-03T22:24:58.407+0000] {dag.py:3823} INFO - Setting next_dagrun for crypto_pipeline to 2026-04-03 22:20:00+00:00, run_after=2026-04-03 22:25:00+00:00
[2026-04-03T22:24:58.420+0000] {processor.py:183} INFO - Processing /opt/airflow/dags/crypto_pipeline.py took 0.061 seconds
[2026-04-03T22:25:28.535+0000] {processor.py:161} INFO - Started process (PID=312) to work on /opt/airflow/dags/crypto_pipeline.py
[2026-04-03T22:25:28.535+0000] {processor.py:830} INFO - Processing file /opt/airflow/dags/crypto_pipeline.py for tasks to queue
[2026-04-03T22:25:28.536+0000] {logging_mixin.py:188} INFO - [2026-04-03T22:25:28.536+0000] {dagbag.py:538} INFO - Filling up the DagBag from /opt/airflow/dags/crypto_pipeline.py
[2026-04-03T22:25:28.547+0000] {processor.py:840} INFO - DAG(s) 'crypto_pipeline' retrieved from /opt/airflow/dags/crypto_pipeline.py
[2026-04-03T22:25:28.563+0000] {logging_mixin.py:188} INFO - [2026-04-03T22:25:28.562+0000] {dag.py:3036} INFO - Sync 1 DAGs
[2026-04-03T22:25:28.575+0000] {logging_mixin.py:188} INFO - [2026-04-03T22:25:28.575+0000] {dag.py:3823} INFO - Setting next_dagrun for crypto_pipeline to 2026-04-03 22:25:00+00:00, run_after=2026-04-03 22:30:00+00:00
[2026-04-03T22:25:28.586+0000] {processor.py:183} INFO - Processing /opt/airflow/dags/crypto_pipeline.py took 0.052 seconds
[2026-04-03T22:25:58.643+0000] {processor.py:161} INFO - Started process (PID=317) to work on /opt/airflow/dags/crypto_pipeline.py
[2026-04-03T22:25:58.643+0000] {processor.py:830} INFO - Processing file /opt/airflow/dags/crypto_pipeline.py for tasks to queue
[2026-04-03T22:25:58.644+0000] {logging_mixin.py:188} INFO - [2026-04-03T22:25:58.644+0000] {dagbag.py:538} INFO - Filling up the DagBag from /opt/airflow/dags/crypto_pipeline.py
[2026-04-03T22:25:58.655+0000] {processor.py:840} INFO - DAG(s) 'crypto_pipeline' retrieved from /opt/airflow/dags/crypto_pipeline.py
[2026-04-03T22:25:58.674+0000] {logging_mixin.py:188} INFO - [2026-04-03T22:25:58.674+0000] {dag.py:3036} INFO - Sync 1 DAGs
[2026-04-03T22:25:58.688+0000] {logging_mixin.py:188} INFO - [2026-04-03T22:25:58.688+0000] {dag.py:3823} INFO - Setting next_dagrun for crypto_pipeline to 2026-04-03 22:25:00+00:00, run_after=2026-04-03 22:30:00+00:00
[2026-04-03T22:25:58.699+0000] {processor.py:183} INFO - Processing /opt/airflow/dags/crypto_pipeline.py took 0.058 seconds
[2026-04-03T22:26:29.712+0000] {processor.py:161} INFO - Started process (PID=322) to work on /opt/airflow/dags/crypto_pipeline.py
[2026-04-03T22:26:29.713+0000] {processor.py:830} INFO - Processing file /opt/airflow/dags/crypto_pipeline.py for tasks to queue
[2026-04-03T22:26:29.713+0000] {logging_mixin.py:188} INFO - [2026-04-03T22:26:29.713+0000] {dagbag.py:538} INFO - Filling up the DagBag from /opt/airflow/dags/crypto_pipeline.py
[2026-04-03T22:26:29.724+0000] {processor.py:840} INFO - DAG(s) 'crypto_pipeline' retrieved from /opt/airflow/dags/crypto_pipeline.py
[2026-04-03T22:26:29.740+0000] {logging_mixin.py:188} INFO - [2026-04-03T22:26:29.739+0000] {dag.py:3036} INFO - Sync 1 DAGs
[2026-04-03T22:26:29.753+0000] {logging_mixin.py:188} INFO - [2026-04-03T22:26:29.753+0000] {dag.py:3823} INFO - Setting next_dagrun for crypto_pipeline to 2026-04-03 22:25:00+00:00, run_after=2026-04-03 22:30:00+00:00
[2026-04-03T22:26:29.763+0000] {processor.py:183} INFO - Processing /opt/airflow/dags/crypto_pipeline.py took 0.053 seconds
[2026-04-03T22:26:59.856+0000] {processor.py:161} INFO - Started process (PID=327) to work on /opt/airflow/dags/crypto_pipeline.py
[2026-04-03T22:26:59.857+0000] {processor.py:830} INFO - Processing file /opt/airflow/dags/crypto_pipeline.py for tasks to queue
[2026-04-03T22:26:59.857+0000] {logging_mixin.py:188} INFO - [2026-04-03T22:26:59.857+0000] {dagbag.py:538} INFO - Filling up the DagBag from /opt/airflow/dags/crypto_pipeline.py
[2026-04-03T22:26:59.871+0000] {processor.py:840} INFO - DAG(s) 'crypto_pipeline' retrieved from /opt/airflow/dags/crypto_pipeline.py
[2026-04-03T22:26:59.888+0000] {logging_mixin.py:188} INFO - [2026-04-03T22:26:59.888+0000] {dag.py:3036} INFO - Sync 1 DAGs
[2026-04-03T22:26:59.900+0000] {logging_mixin.py:188} INFO - [2026-04-03T22:26:59.900+0000] {dag.py:3823} INFO - Setting next_dagrun for crypto_pipeline to 2026-04-03 22:25:00+00:00, run_after=2026-04-03 22:30:00+00:00
[2026-04-03T22:26:59.910+0000] {processor.py:183} INFO - Processing /opt/airflow/dags/crypto_pipeline.py took 0.056 seconds
[2026-04-03T22:27:29.946+0000] {processor.py:161} INFO - Started process (PID=332) to work on /opt/airflow/dags/crypto_pipeline.py
[2026-04-03T22:27:29.947+0000] {processor.py:830} INFO - Processing file /opt/airflow/dags/crypto_pipeline.py for tasks to queue
[2026-04-03T22:27:29.947+0000] {logging_mixin.py:188} INFO - [2026-04-03T22:27:29.947+0000] {dagbag.py:538} INFO - Filling up the DagBag from /opt/airflow/dags/crypto_pipeline.py
[2026-04-03T22:27:29.960+0000] {processor.py:840} INFO - DAG(s) 'crypto_pipeline' retrieved from /opt/airflow/dags/crypto_pipeline.py
[2026-04-03T22:27:29.976+0000] {logging_mixin.py:188} INFO - [2026-04-03T22:27:29.976+0000] {dag.py:3036} INFO - Sync 1 DAGs
[2026-04-03T22:27:29.990+0000] {logging_mixin.py:188} INFO - [2026-04-03T22:27:29.989+0000] {dag.py:3823} INFO - Setting next_dagrun for crypto_pipeline to 2026-04-03 22:25:00+00:00, run_after=2026-04-03 22:30:00+00:00
[2026-04-03T22:27:30.003+0000] {processor.py:183} INFO - Processing /opt/airflow/dags/crypto_pipeline.py took 0.059 seconds
