[2026-04-03T22:20:03.367+0000] {logging_mixin.py:188} INFO - Changing /opt/airflow/logs/dag_id=crypto_pipeline/run_id=scheduled__2026-04-03T22:15:00+00:00/task_id=run_bronze_to_silver permission to 509
[2026-04-03T22:20:03.368+0000] {logging_mixin.py:188} INFO - Failed to change /opt/airflow/logs/dag_id=crypto_pipeline/run_id=scheduled__2026-04-03T22:15:00+00:00/task_id=run_bronze_to_silver permission to 509: [Errno 1] Operation not permitted: '/opt/airflow/logs/dag_id=crypto_pipeline/run_id=scheduled__2026-04-03T22:15:00+00:00/task_id=run_bronze_to_silver'
[2026-04-03T22:20:03.390+0000] {logging_mixin.py:188} INFO - Changing /opt/airflow/logs/dag_id=crypto_pipeline/run_id=scheduled__2026-04-03T22:15:00+00:00/task_id=run_bronze_to_silver permission to 509
[2026-04-03T22:20:03.391+0000] {logging_mixin.py:188} INFO - Failed to change /opt/airflow/logs/dag_id=crypto_pipeline/run_id=scheduled__2026-04-03T22:15:00+00:00/task_id=run_bronze_to_silver permission to 509: [Errno 1] Operation not permitted: '/opt/airflow/logs/dag_id=crypto_pipeline/run_id=scheduled__2026-04-03T22:15:00+00:00/task_id=run_bronze_to_silver'
[2026-04-03T22:20:03.416+0000] {taskinstance.py:1956} INFO - Dependencies all met for dep_context=non-requeueable deps ti=<TaskInstance: crypto_pipeline.run_bronze_to_silver scheduled__2026-04-03T22:15:00+00:00 [queued]>
[2026-04-03T22:20:03.420+0000] {taskinstance.py:1956} INFO - Dependencies all met for dep_context=requeueable deps ti=<TaskInstance: crypto_pipeline.run_bronze_to_silver scheduled__2026-04-03T22:15:00+00:00 [queued]>
[2026-04-03T22:20:03.420+0000] {taskinstance.py:2170} INFO - Starting attempt 1 of 3
[2026-04-03T22:20:03.427+0000] {taskinstance.py:2191} INFO - Executing <Task(PythonOperator): run_bronze_to_silver> on 2026-04-03 22:15:00+00:00
[2026-04-03T22:20:03.429+0000] {standard_task_runner.py:60} INFO - Started process 233 to run task
[2026-04-03T22:20:03.431+0000] {standard_task_runner.py:87} INFO - Running: ['airflow', 'tasks', 'run', 'crypto_pipeline', 'run_bronze_to_silver', 'scheduled__2026-04-03T22:15:00+00:00', '--job-id', '15', '--raw', '--subdir', 'DAGS_FOLDER/crypto_pipeline.py', '--cfg-path', '/tmp/tmp5dmvxl06']
[2026-04-03T22:20:03.432+0000] {standard_task_runner.py:88} INFO - Job 15: Subtask run_bronze_to_silver
[2026-04-03T22:20:03.463+0000] {logging_mixin.py:188} INFO - Changing /opt/airflow/logs/dag_id=crypto_pipeline/run_id=scheduled__2026-04-03T22:15:00+00:00/task_id=run_bronze_to_silver permission to 509
[2026-04-03T22:20:03.463+0000] {logging_mixin.py:188} INFO - Failed to change /opt/airflow/logs/dag_id=crypto_pipeline/run_id=scheduled__2026-04-03T22:15:00+00:00/task_id=run_bronze_to_silver permission to 509: [Errno 1] Operation not permitted: '/opt/airflow/logs/dag_id=crypto_pipeline/run_id=scheduled__2026-04-03T22:15:00+00:00/task_id=run_bronze_to_silver'
[2026-04-03T22:20:03.471+0000] {task_command.py:423} INFO - Running <TaskInstance: crypto_pipeline.run_bronze_to_silver scheduled__2026-04-03T22:15:00+00:00 [running]> on host 2fe6c9a0f22c
[2026-04-03T22:20:03.516+0000] {taskinstance.py:2480} INFO - Exporting env vars: AIRFLOW_CTX_DAG_OWNER='crypto-pipeline' AIRFLOW_CTX_DAG_ID='crypto_pipeline' AIRFLOW_CTX_TASK_ID='run_bronze_to_silver' AIRFLOW_CTX_EXECUTION_DATE='2026-04-03T22:15:00+00:00' AIRFLOW_CTX_TRY_NUMBER='1' AIRFLOW_CTX_DAG_RUN_ID='scheduled__2026-04-03T22:15:00+00:00'
[2026-04-03T22:20:03.543+0000] {crypto_pipeline.py:153} INFO - 🥈 Silver: 3559 new rows transformed from Bronze
[2026-04-03T22:20:03.550+0000] {python.py:201} INFO - Done. Returned value was: None
[2026-04-03T22:20:03.555+0000] {taskinstance.py:1138} INFO - Marking task as SUCCESS. dag_id=crypto_pipeline, task_id=run_bronze_to_silver, execution_date=20260403T221500, start_date=20260403T222003, end_date=20260403T222003
[2026-04-03T22:20:03.573+0000] {local_task_job_runner.py:234} INFO - Task exited with return code 0
[2026-04-03T22:20:03.587+0000] {taskinstance.py:3280} INFO - 1 downstream tasks scheduled from follow-on schedule check
