[2026-04-03T11:10:01.148+0000] {logging_mixin.py:188} INFO - Changing /opt/airflow/logs/dag_id=crypto_pipeline/run_id=scheduled__2026-04-03T11:05:00+00:00/task_id=check_postgres_health permission to 509
[2026-04-03T11:10:01.149+0000] {logging_mixin.py:188} INFO - Failed to change /opt/airflow/logs/dag_id=crypto_pipeline/run_id=scheduled__2026-04-03T11:05:00+00:00/task_id=check_postgres_health permission to 509: [Errno 1] Operation not permitted: '/opt/airflow/logs/dag_id=crypto_pipeline/run_id=scheduled__2026-04-03T11:05:00+00:00/task_id=check_postgres_health'
[2026-04-03T11:10:01.170+0000] {logging_mixin.py:188} INFO - Changing /opt/airflow/logs/dag_id=crypto_pipeline/run_id=scheduled__2026-04-03T11:05:00+00:00/task_id=check_postgres_health permission to 509
[2026-04-03T11:10:01.171+0000] {logging_mixin.py:188} INFO - Failed to change /opt/airflow/logs/dag_id=crypto_pipeline/run_id=scheduled__2026-04-03T11:05:00+00:00/task_id=check_postgres_health permission to 509: [Errno 1] Operation not permitted: '/opt/airflow/logs/dag_id=crypto_pipeline/run_id=scheduled__2026-04-03T11:05:00+00:00/task_id=check_postgres_health'
[2026-04-03T11:10:01.196+0000] {taskinstance.py:1956} INFO - Dependencies all met for dep_context=non-requeueable deps ti=<TaskInstance: crypto_pipeline.check_postgres_health scheduled__2026-04-03T11:05:00+00:00 [queued]>
[2026-04-03T11:10:01.201+0000] {taskinstance.py:1956} INFO - Dependencies all met for dep_context=requeueable deps ti=<TaskInstance: crypto_pipeline.check_postgres_health scheduled__2026-04-03T11:05:00+00:00 [queued]>
[2026-04-03T11:10:01.201+0000] {taskinstance.py:2170} INFO - Starting attempt 1 of 3
[2026-04-03T11:10:01.208+0000] {taskinstance.py:2191} INFO - Executing <Task(PythonOperator): check_postgres_health> on 2026-04-03 11:05:00+00:00
[2026-04-03T11:10:01.210+0000] {standard_task_runner.py:60} INFO - Started process 255 to run task
[2026-04-03T11:10:01.212+0000] {standard_task_runner.py:87} INFO - Running: ['airflow', 'tasks', 'run', 'crypto_pipeline', 'check_postgres_health', 'scheduled__2026-04-03T11:05:00+00:00', '--job-id', '20', '--raw', '--subdir', 'DAGS_FOLDER/crypto_pipeline.py', '--cfg-path', '/tmp/tmp84vh8a46']
[2026-04-03T11:10:01.213+0000] {standard_task_runner.py:88} INFO - Job 20: Subtask check_postgres_health
[2026-04-03T11:10:01.242+0000] {logging_mixin.py:188} INFO - Changing /opt/airflow/logs/dag_id=crypto_pipeline/run_id=scheduled__2026-04-03T11:05:00+00:00/task_id=check_postgres_health permission to 509
[2026-04-03T11:10:01.243+0000] {logging_mixin.py:188} INFO - Failed to change /opt/airflow/logs/dag_id=crypto_pipeline/run_id=scheduled__2026-04-03T11:05:00+00:00/task_id=check_postgres_health permission to 509: [Errno 1] Operation not permitted: '/opt/airflow/logs/dag_id=crypto_pipeline/run_id=scheduled__2026-04-03T11:05:00+00:00/task_id=check_postgres_health'
[2026-04-03T11:10:01.248+0000] {task_command.py:423} INFO - Running <TaskInstance: crypto_pipeline.check_postgres_health scheduled__2026-04-03T11:05:00+00:00 [running]> on host 16ceeaefc682
[2026-04-03T11:10:01.296+0000] {taskinstance.py:2480} INFO - Exporting env vars: AIRFLOW_CTX_DAG_OWNER='crypto-pipeline' AIRFLOW_CTX_DAG_ID='crypto_pipeline' AIRFLOW_CTX_TASK_ID='check_postgres_health' AIRFLOW_CTX_EXECUTION_DATE='2026-04-03T11:05:00+00:00' AIRFLOW_CTX_TRY_NUMBER='1' AIRFLOW_CTX_DAG_RUN_ID='scheduled__2026-04-03T11:05:00+00:00'
[2026-04-03T11:10:01.300+0000] {crypto_pipeline.py:82} INFO - ✅ Postgres healthy — schemas found: ['bronze', 'gold', 'silver']
[2026-04-03T11:10:01.300+0000] {python.py:201} INFO - Done. Returned value was: None
[2026-04-03T11:10:01.306+0000] {taskinstance.py:1138} INFO - Marking task as SUCCESS. dag_id=crypto_pipeline, task_id=check_postgres_health, execution_date=20260403T110500, start_date=20260403T111001, end_date=20260403T111001
[2026-04-03T11:10:01.345+0000] {local_task_job_runner.py:234} INFO - Task exited with return code 0
[2026-04-03T11:10:01.361+0000] {taskinstance.py:3280} INFO - 1 downstream tasks scheduled from follow-on schedule check
